<?xml version="1.0" encoding="UTF-8"?>
<coverage generated="1407953692">
  <project timestamp="1407953692">
    <file name="C:\Users\ddefilippo\PhpstormProjects\Mallorca_Madting_Regression_Testing\vendor\facebook\webdriver/lib/WebDriverAlert.php">
      <class name="WebDriverAlert" namespace="global">
        <metrics methods="5" coveredmethods="0" conditionals="0" coveredconditionals="0" statements="9" coveredstatements="0" elements="14" coveredelements="0"/>
      </class>
      <line num="23" type="method" name="__construct" crap="2" count="0"/>
      <line num="24" type="stmt" count="0"/>
      <line num="25" type="stmt" count="0"/>
      <line num="32" type="method" name="accept" crap="2" count="0"/>
      <line num="33" type="stmt" count="0"/>
      <line num="34" type="stmt" count="0"/>
      <line num="42" type="method" name="dismiss" crap="2" count="0"/>
      <line num="43" type="stmt" count="0"/>
      <line num="44" type="stmt" count="0"/>
      <line num="52" type="method" name="getText" crap="2" count="0"/>
      <line num="53" type="stmt" count="0"/>
      <line num="61" type="method" name="sendKeys" crap="2" count="0"/>
      <line num="62" type="stmt" count="0"/>
      <line num="63" type="stmt" count="0"/>
      <metrics loc="66" ncloc="17" classes="1" methods="5" coveredmethods="0" conditionals="0" coveredconditionals="0" statements="9" coveredstatements="0" elements="14" coveredelements="0"/>
    </file>
    <file name="C:\Users\ddefilippo\PhpstormProjects\Mallorca_Madting_Regression_Testing\vendor\facebook\webdriver/lib/WebDriverBy.php">
      <class name="WebDriverBy" namespace="global">
        <metrics methods="11" coveredmethods="5" conditionals="0" coveredconditionals="0" statements="13" coveredstatements="7" elements="24" coveredelements="12"/>
      </class>
      <line num="28" type="method" name="__construct" crap="1" count="1"/>
      <line num="29" type="stmt" count="1"/>
      <line num="30" type="stmt" count="1"/>
      <line num="31" type="stmt" count="1"/>
      <line num="36" type="method" name="getMechanism" crap="1" count="1"/>
      <line num="37" type="stmt" count="1"/>
      <line num="43" type="method" name="getValue" crap="1" count="1"/>
      <line num="44" type="stmt" count="1"/>
      <line num="53" type="method" name="className" crap="2" count="0"/>
      <line num="54" type="stmt" count="0"/>
      <line num="62" type="method" name="cssSelector" crap="1" count="1"/>
      <line num="63" type="stmt" count="1"/>
      <line num="71" type="method" name="id" crap="1" count="1"/>
      <line num="72" type="stmt" count="1"/>
      <line num="79" type="method" name="name" crap="2" count="0"/>
      <line num="80" type="stmt" count="0"/>
      <line num="88" type="method" name="linkText" crap="2" count="0"/>
      <line num="89" type="stmt" count="0"/>
      <line num="98" type="method" name="partialLinkText" crap="2" count="0"/>
      <line num="99" type="stmt" count="0"/>
      <line num="107" type="method" name="tagName" crap="2" count="0"/>
      <line num="108" type="stmt" count="0"/>
      <line num="116" type="method" name="xpath" crap="2" count="0"/>
      <line num="117" type="stmt" count="0"/>
      <metrics loc="119" ncloc="39" classes="1" methods="11" coveredmethods="5" conditionals="0" coveredconditionals="0" statements="13" coveredstatements="7" elements="24" coveredelements="12"/>
    </file>
    <file name="C:\Users\ddefilippo\PhpstormProjects\Mallorca_Madting_Regression_Testing\vendor\facebook\webdriver/lib/WebDriverDimension.php">
      <class name="WebDriverDimension" namespace="global">
        <metrics methods="4" coveredmethods="0" conditionals="0" coveredconditionals="0" statements="7" coveredstatements="0" elements="11" coveredelements="0"/>
      </class>
      <line num="23" type="method" name="__construct" crap="2" count="0"/>
      <line num="24" type="stmt" count="0"/>
      <line num="25" type="stmt" count="0"/>
      <line num="26" type="stmt" count="0"/>
      <line num="33" type="method" name="getHeight" crap="2" count="0"/>
      <line num="34" type="stmt" count="0"/>
      <line num="42" type="method" name="getWidth" crap="2" count="0"/>
      <line num="43" type="stmt" count="0"/>
      <line num="53" type="method" name="equals" crap="6" count="0"/>
      <line num="54" type="stmt" count="0"/>
      <line num="55" type="stmt" count="0"/>
      <metrics loc="57" ncloc="11" classes="1" methods="4" coveredmethods="0" conditionals="0" coveredconditionals="0" statements="7" coveredstatements="0" elements="11" coveredelements="0"/>
    </file>
    <file name="C:\Users\ddefilippo\PhpstormProjects\Mallorca_Madting_Regression_Testing\vendor\facebook\webdriver/lib/WebDriverDispatcher.php">
      <class name="WebDriverDispatcher" namespace="global">
        <metrics methods="5" coveredmethods="0" conditionals="0" coveredconditionals="0" statements="14" coveredstatements="0" elements="19" coveredelements="0"/>
      </class>
      <line num="35" type="method" name="setDefaultDriver" crap="2" count="0"/>
      <line num="36" type="stmt" count="0"/>
      <line num="37" type="stmt" count="0"/>
      <line num="43" type="method" name="getDefaultDriver" crap="2" count="0"/>
      <line num="44" type="stmt" count="0"/>
      <line num="51" type="method" name="register" crap="2" count="0"/>
      <line num="52" type="stmt" count="0"/>
      <line num="53" type="stmt" count="0"/>
      <line num="60" type="method" name="unregister" crap="6" count="0"/>
      <line num="61" type="stmt" count="0"/>
      <line num="62" type="stmt" count="0"/>
      <line num="63" type="stmt" count="0"/>
      <line num="64" type="stmt" count="0"/>
      <line num="65" type="stmt" count="0"/>
      <line num="73" type="method" name="dispatch" crap="6" count="0"/>
      <line num="74" type="stmt" count="0"/>
      <line num="75" type="stmt" count="0"/>
      <line num="76" type="stmt" count="0"/>
      <line num="77" type="stmt" count="0"/>
      <metrics loc="80" ncloc="25" classes="1" methods="5" coveredmethods="0" conditionals="0" coveredconditionals="0" statements="14" coveredstatements="0" elements="19" coveredelements="0"/>
    </file>
    <file name="C:\Users\ddefilippo\PhpstormProjects\Mallorca_Madting_Regression_Testing\vendor\facebook\webdriver/lib/WebDriverExceptions.php">
      <class name="WebDriverCurlException" namespace="global">
        <metrics methods="0" coveredmethods="0" conditionals="0" coveredconditionals="0" statements="0" coveredstatements="0" elements="0" coveredelements="0"/>
      </class>
      <class name="WebDriverException" namespace="global">
        <metrics methods="3" coveredmethods="2" conditionals="0" coveredconditionals="0" statements="80" coveredstatements="21" elements="83" coveredelements="23"/>
      </class>
      <class name="IndexOutOfBoundsException" namespace="global">
        <metrics methods="0" coveredmethods="0" conditionals="0" coveredconditionals="0" statements="0" coveredstatements="0" elements="0" coveredelements="0"/>
      </class>
      <class name="NoCollectionException" namespace="global">
        <metrics methods="0" coveredmethods="0" conditionals="0" coveredconditionals="0" statements="0" coveredstatements="0" elements="0" coveredelements="0"/>
      </class>
      <class name="NoStringException" namespace="global">
        <metrics methods="0" coveredmethods="0" conditionals="0" coveredconditionals="0" statements="0" coveredstatements="0" elements="0" coveredelements="0"/>
      </class>
      <class name="NoStringLengthException" namespace="global">
        <metrics methods="0" coveredmethods="0" conditionals="0" coveredconditionals="0" statements="0" coveredstatements="0" elements="0" coveredelements="0"/>
      </class>
      <class name="NoStringWrapperException" namespace="global">
        <metrics methods="0" coveredmethods="0" conditionals="0" coveredconditionals="0" statements="0" coveredstatements="0" elements="0" coveredelements="0"/>
      </class>
      <class name="NoSuchDriverException" namespace="global">
        <metrics methods="0" coveredmethods="0" conditionals="0" coveredconditionals="0" statements="0" coveredstatements="0" elements="0" coveredelements="0"/>
      </class>
      <class name="NoSuchElementException" namespace="global">
        <metrics methods="0" coveredmethods="0" conditionals="0" coveredconditionals="0" statements="0" coveredstatements="0" elements="0" coveredelements="0"/>
      </class>
      <class name="NoSuchFrameException" namespace="global">
        <metrics methods="0" coveredmethods="0" conditionals="0" coveredconditionals="0" statements="0" coveredstatements="0" elements="0" coveredelements="0"/>
      </class>
      <class name="UnknownCommandException" namespace="global">
        <metrics methods="0" coveredmethods="0" conditionals="0" coveredconditionals="0" statements="0" coveredstatements="0" elements="0" coveredelements="0"/>
      </class>
      <class name="StaleElementReferenceException" namespace="global">
        <metrics methods="0" coveredmethods="0" conditionals="0" coveredconditionals="0" statements="0" coveredstatements="0" elements="0" coveredelements="0"/>
      </class>
      <class name="ElementNotVisibleException" namespace="global">
        <metrics methods="0" coveredmethods="0" conditionals="0" coveredconditionals="0" statements="0" coveredstatements="0" elements="0" coveredelements="0"/>
      </class>
      <class name="InvalidElementStateException" namespace="global">
        <metrics methods="0" coveredmethods="0" conditionals="0" coveredconditionals="0" statements="0" coveredstatements="0" elements="0" coveredelements="0"/>
      </class>
      <class name="UnknownServerException" namespace="global">
        <metrics methods="0" coveredmethods="0" conditionals="0" coveredconditionals="0" statements="0" coveredstatements="0" elements="0" coveredelements="0"/>
      </class>
      <class name="ExpectedException" namespace="global">
        <metrics methods="0" coveredmethods="0" conditionals="0" coveredconditionals="0" statements="0" coveredstatements="0" elements="0" coveredelements="0"/>
      </class>
      <class name="ElementNotSelectableException" namespace="global">
        <metrics methods="0" coveredmethods="0" conditionals="0" coveredconditionals="0" statements="0" coveredstatements="0" elements="0" coveredelements="0"/>
      </class>
      <class name="NoSuchDocumentException" namespace="global">
        <metrics methods="0" coveredmethods="0" conditionals="0" coveredconditionals="0" statements="0" coveredstatements="0" elements="0" coveredelements="0"/>
      </class>
      <class name="UnexpectedJavascriptException" namespace="global">
        <metrics methods="0" coveredmethods="0" conditionals="0" coveredconditionals="0" statements="0" coveredstatements="0" elements="0" coveredelements="0"/>
      </class>
      <class name="NoScriptResultException" namespace="global">
        <metrics methods="0" coveredmethods="0" conditionals="0" coveredconditionals="0" statements="0" coveredstatements="0" elements="0" coveredelements="0"/>
      </class>
      <class name="XPathLookupException" namespace="global">
        <metrics methods="0" coveredmethods="0" conditionals="0" coveredconditionals="0" statements="0" coveredstatements="0" elements="0" coveredelements="0"/>
      </class>
      <class name="NoSuchCollectionException" namespace="global">
        <metrics methods="0" coveredmethods="0" conditionals="0" coveredconditionals="0" statements="0" coveredstatements="0" elements="0" coveredelements="0"/>
      </class>
      <class name="TimeOutException" namespace="global">
        <metrics methods="0" coveredmethods="0" conditionals="0" coveredconditionals="0" statements="0" coveredstatements="0" elements="0" coveredelements="0"/>
      </class>
      <class name="NullPointerException" namespace="global">
        <metrics methods="0" coveredmethods="0" conditionals="0" coveredconditionals="0" statements="0" coveredstatements="0" elements="0" coveredelements="0"/>
      </class>
      <class name="NoSuchWindowException" namespace="global">
        <metrics methods="0" coveredmethods="0" conditionals="0" coveredconditionals="0" statements="0" coveredstatements="0" elements="0" coveredelements="0"/>
      </class>
      <class name="InvalidCookieDomainException" namespace="global">
        <metrics methods="0" coveredmethods="0" conditionals="0" coveredconditionals="0" statements="0" coveredstatements="0" elements="0" coveredelements="0"/>
      </class>
      <class name="UnableToSetCookieException" namespace="global">
        <metrics methods="0" coveredmethods="0" conditionals="0" coveredconditionals="0" statements="0" coveredstatements="0" elements="0" coveredelements="0"/>
      </class>
      <class name="UnexpectedAlertOpenException" namespace="global">
        <metrics methods="0" coveredmethods="0" conditionals="0" coveredconditionals="0" statements="0" coveredstatements="0" elements="0" coveredelements="0"/>
      </class>
      <class name="NoAlertOpenException" namespace="global">
        <metrics methods="0" coveredmethods="0" conditionals="0" coveredconditionals="0" statements="0" coveredstatements="0" elements="0" coveredelements="0"/>
      </class>
      <class name="ScriptTimeoutException" namespace="global">
        <metrics methods="0" coveredmethods="0" conditionals="0" coveredconditionals="0" statements="0" coveredstatements="0" elements="0" coveredelements="0"/>
      </class>
      <class name="InvalidCoordinatesException" namespace="global">
        <metrics methods="0" coveredmethods="0" conditionals="0" coveredconditionals="0" statements="0" coveredstatements="0" elements="0" coveredelements="0"/>
      </class>
      <class name="IMENotAvailableException" namespace="global">
        <metrics methods="0" coveredmethods="0" conditionals="0" coveredconditionals="0" statements="0" coveredstatements="0" elements="0" coveredelements="0"/>
      </class>
      <class name="IMEEngineActivationFailedException" namespace="global">
        <metrics methods="0" coveredmethods="0" conditionals="0" coveredconditionals="0" statements="0" coveredstatements="0" elements="0" coveredelements="0"/>
      </class>
      <class name="InvalidSelectorException" namespace="global">
        <metrics methods="0" coveredmethods="0" conditionals="0" coveredconditionals="0" statements="0" coveredstatements="0" elements="0" coveredelements="0"/>
      </class>
      <class name="SessionNotCreatedException" namespace="global">
        <metrics methods="0" coveredmethods="0" conditionals="0" coveredconditionals="0" statements="0" coveredstatements="0" elements="0" coveredelements="0"/>
      </class>
      <class name="MoveTargetOutOfBoundsException" namespace="global">
        <metrics methods="0" coveredmethods="0" conditionals="0" coveredconditionals="0" statements="0" coveredstatements="0" elements="0" coveredelements="0"/>
      </class>
      <class name="UnrecognizedExceptionException" namespace="global">
        <metrics methods="0" coveredmethods="0" conditionals="0" coveredconditionals="0" statements="0" coveredstatements="0" elements="0" coveredelements="0"/>
      </class>
      <class name="UnexpectedTagNameException" namespace="global">
        <metrics methods="1" coveredmethods="0" conditionals="0" coveredconditionals="0" statements="7" coveredstatements="0" elements="8" coveredelements="0"/>
      </class>
      <class name="UnsupportedOperationException" namespace="global">
        <metrics methods="0" coveredmethods="0" conditionals="0" coveredconditionals="0" statements="0" coveredstatements="0" elements="0" coveredelements="0"/>
      </class>
      <line num="22" type="method" name="__construct" crap="1" count="1"/>
      <line num="23" type="stmt" count="1"/>
      <line num="24" type="stmt" count="1"/>
      <line num="25" type="stmt" count="1"/>
      <line num="27" type="method" name="getResults" crap="2" count="0"/>
      <line num="28" type="stmt" count="0"/>
      <line num="36" type="method" name="throwException" crap="645.48" count="1"/>
      <line num="38" type="stmt" count="1"/>
      <line num="39" type="stmt" count="0"/>
      <line num="40" type="stmt" count="1"/>
      <line num="42" type="stmt" count="1"/>
      <line num="43" type="stmt" count="1"/>
      <line num="44" type="stmt" count="0"/>
      <line num="45" type="stmt" count="1"/>
      <line num="46" type="stmt" count="0"/>
      <line num="47" type="stmt" count="1"/>
      <line num="48" type="stmt" count="0"/>
      <line num="49" type="stmt" count="1"/>
      <line num="50" type="stmt" count="0"/>
      <line num="51" type="stmt" count="1"/>
      <line num="52" type="stmt" count="0"/>
      <line num="53" type="stmt" count="1"/>
      <line num="54" type="stmt" count="0"/>
      <line num="55" type="stmt" count="1"/>
      <line num="56" type="stmt" count="0"/>
      <line num="57" type="stmt" count="1"/>
      <line num="58" type="stmt" count="0"/>
      <line num="59" type="stmt" count="1"/>
      <line num="60" type="stmt" count="0"/>
      <line num="61" type="stmt" count="1"/>
      <line num="62" type="stmt" count="0"/>
      <line num="63" type="stmt" count="1"/>
      <line num="64" type="stmt" count="0"/>
      <line num="65" type="stmt" count="1"/>
      <line num="66" type="stmt" count="0"/>
      <line num="67" type="stmt" count="1"/>
      <line num="68" type="stmt" count="1"/>
      <line num="69" type="stmt" count="0"/>
      <line num="70" type="stmt" count="0"/>
      <line num="71" type="stmt" count="0"/>
      <line num="72" type="stmt" count="0"/>
      <line num="73" type="stmt" count="0"/>
      <line num="74" type="stmt" count="0"/>
      <line num="75" type="stmt" count="0"/>
      <line num="76" type="stmt" count="0"/>
      <line num="77" type="stmt" count="0"/>
      <line num="78" type="stmt" count="0"/>
      <line num="79" type="stmt" count="0"/>
      <line num="80" type="stmt" count="0"/>
      <line num="81" type="stmt" count="0"/>
      <line num="82" type="stmt" count="0"/>
      <line num="83" type="stmt" count="0"/>
      <line num="84" type="stmt" count="0"/>
      <line num="85" type="stmt" count="0"/>
      <line num="86" type="stmt" count="0"/>
      <line num="87" type="stmt" count="0"/>
      <line num="88" type="stmt" count="0"/>
      <line num="89" type="stmt" count="0"/>
      <line num="90" type="stmt" count="0"/>
      <line num="91" type="stmt" count="0"/>
      <line num="92" type="stmt" count="0"/>
      <line num="93" type="stmt" count="0"/>
      <line num="94" type="stmt" count="0"/>
      <line num="95" type="stmt" count="0"/>
      <line num="96" type="stmt" count="0"/>
      <line num="97" type="stmt" count="0"/>
      <line num="98" type="stmt" count="0"/>
      <line num="99" type="stmt" count="0"/>
      <line num="100" type="stmt" count="0"/>
      <line num="101" type="stmt" count="0"/>
      <line num="102" type="stmt" count="0"/>
      <line num="103" type="stmt" count="0"/>
      <line num="104" type="stmt" count="0"/>
      <line num="105" type="stmt" count="0"/>
      <line num="106" type="stmt" count="0"/>
      <line num="107" type="stmt" count="0"/>
      <line num="108" type="stmt" count="0"/>
      <line num="109" type="stmt" count="0"/>
      <line num="110" type="stmt" count="0"/>
      <line num="111" type="stmt" count="0"/>
      <line num="112" type="stmt" count="0"/>
      <line num="113" type="stmt" count="0"/>
      <line num="114" type="stmt" count="1"/>
      <line num="157" type="method" name="__construct" crap="2" count="0"/>
      <line num="160" type="stmt" count="0"/>
      <line num="161" type="stmt" count="0"/>
      <line num="162" type="stmt" count="0"/>
      <line num="163" type="stmt" count="0"/>
      <line num="164" type="stmt" count="0"/>
      <line num="165" type="stmt" count="0"/>
      <line num="166" type="stmt" count="0"/>
      <metrics loc="169" ncloc="64" classes="39" methods="4" coveredmethods="1" conditionals="0" coveredconditionals="0" statements="87" coveredstatements="21" elements="91" coveredelements="22"/>
    </file>
    <file name="C:\Users\ddefilippo\PhpstormProjects\Mallorca_Madting_Regression_Testing\vendor\facebook\webdriver/lib/WebDriverExpectedCondition.php">
      <class name="WebDriverExpectedCondition" namespace="global">
        <metrics methods="21" coveredmethods="0" conditionals="0" coveredconditionals="0" statements="107" coveredstatements="0" elements="128" coveredelements="0"/>
      </class>
      <line num="32" type="method" name="getApply" crap="2" count="0"/>
      <line num="33" type="stmt" count="0"/>
      <line num="36" type="method" name="__construct" crap="2" count="0"/>
      <line num="37" type="stmt" count="0"/>
      <line num="38" type="stmt" count="0"/>
      <line num="47" type="method" name="titleIs" crap="2" count="0"/>
      <line num="48" type="stmt" count="0"/>
      <line num="50" type="stmt" count="0"/>
      <line num="52" type="stmt" count="0"/>
      <line num="62" type="method" name="titleContains" crap="2" count="0"/>
      <line num="63" type="stmt" count="0"/>
      <line num="65" type="stmt" count="0"/>
      <line num="67" type="stmt" count="0"/>
      <line num="78" type="method" name="presenceOfElementLocated" crap="2" count="0"/>
      <line num="79" type="stmt" count="0"/>
      <line num="81" type="stmt" count="0"/>
      <line num="83" type="stmt" count="0"/>
      <line num="95" type="method" name="visibilityOfElementLocated" crap="12" count="0"/>
      <line num="96" type="stmt" count="0"/>
      <line num="99" type="stmt" count="0"/>
      <line num="100" type="stmt" count="0"/>
      <line num="101" type="stmt" count="0"/>
      <line num="102" type="stmt" count="0"/>
      <line num="105" type="stmt" count="0"/>
      <line num="117" type="method" name="visibilityOf" crap="6" count="0"/>
      <line num="118" type="stmt" count="0"/>
      <line num="120" type="stmt" count="0"/>
      <line num="122" type="stmt" count="0"/>
      <line num="133" type="method" name="presenceOfAllElementsLocatedBy" crap="6" count="0"/>
      <line num="134" type="stmt" count="0"/>
      <line num="136" type="stmt" count="0"/>
      <line num="137" type="stmt" count="0"/>
      <line num="139" type="stmt" count="0"/>
      <line num="150" type="method" name="textToBePresentInElement" crap="6" count="0"/>
      <line num="152" type="stmt" count="0"/>
      <line num="155" type="stmt" count="0"/>
      <line num="156" type="stmt" count="0"/>
      <line num="157" type="stmt" count="0"/>
      <line num="158" type="stmt" count="0"/>
      <line num="161" type="stmt" count="0"/>
      <line num="172" type="method" name="textToBePresentInElementValue" crap="6" count="0"/>
      <line num="174" type="stmt" count="0"/>
      <line num="177" type="stmt" count="0"/>
      <line num="178" type="stmt" count="0"/>
      <line num="179" type="stmt" count="0"/>
      <line num="180" type="stmt" count="0"/>
      <line num="183" type="stmt" count="0"/>
      <line num="195" type="method" name="frameToBeAvailableAndSwitchToIt" crap="6" count="0"/>
      <line num="196" type="stmt" count="0"/>
      <line num="199" type="stmt" count="0"/>
      <line num="200" type="stmt" count="0"/>
      <line num="201" type="stmt" count="0"/>
      <line num="204" type="stmt" count="0"/>
      <line num="215" type="method" name="invisibilityOfElementLocated" crap="12" count="0"/>
      <line num="216" type="stmt" count="0"/>
      <line num="219" type="stmt" count="0"/>
      <line num="220" type="stmt" count="0"/>
      <line num="221" type="stmt" count="0"/>
      <line num="222" type="stmt" count="0"/>
      <line num="223" type="stmt" count="0"/>
      <line num="226" type="stmt" count="0"/>
      <line num="238" type="method" name="invisibilityOfElementWithText" crap="12" count="0"/>
      <line num="240" type="stmt" count="0"/>
      <line num="243" type="stmt" count="0"/>
      <line num="244" type="stmt" count="0"/>
      <line num="245" type="stmt" count="0"/>
      <line num="246" type="stmt" count="0"/>
      <line num="247" type="stmt" count="0"/>
      <line num="250" type="stmt" count="0"/>
      <line num="261" type="method" name="elementToBeClickable" crap="20" count="0"/>
      <line num="263" type="stmt" count="0"/>
      <line num="264" type="stmt" count="0"/>
      <line num="266" type="stmt" count="0"/>
      <line num="267" type="stmt" count="0"/>
      <line num="269" type="stmt" count="0"/>
      <line num="271" type="stmt" count="0"/>
      <line num="272" type="stmt" count="0"/>
      <line num="274" type="stmt" count="0"/>
      <line num="276" type="stmt" count="0"/>
      <line num="277" type="stmt" count="0"/>
      <line num="280" type="stmt" count="0"/>
      <line num="290" type="method" name="stalenessOf" crap="6" count="0"/>
      <line num="291" type="stmt" count="0"/>
      <line num="294" type="stmt" count="0"/>
      <line num="295" type="stmt" count="0"/>
      <line num="296" type="stmt" count="0"/>
      <line num="297" type="stmt" count="0"/>
      <line num="300" type="stmt" count="0"/>
      <line num="316" type="method" name="refreshed" crap="6" count="0"/>
      <line num="317" type="stmt" count="0"/>
      <line num="320" type="stmt" count="0"/>
      <line num="321" type="stmt" count="0"/>
      <line num="322" type="stmt" count="0"/>
      <line num="325" type="stmt" count="0"/>
      <line num="334" type="method" name="elementToBeSelected" crap="2" count="0"/>
      <line num="335" type="stmt" count="0"/>
      <line num="336" type="stmt" count="0"/>
      <line num="338" type="stmt" count="0"/>
      <line num="348" type="method" name="elementSelectionStateToBe" crap="20" count="0"/>
      <line num="352" type="stmt" count="0"/>
      <line num="353" type="stmt" count="0"/>
      <line num="355" type="stmt" count="0"/>
      <line num="357" type="stmt" count="0"/>
      <line num="358" type="stmt" count="0"/>
      <line num="359" type="stmt" count="0"/>
      <line num="362" type="stmt" count="0"/>
      <line num="363" type="stmt" count="0"/>
      <line num="364" type="stmt" count="0"/>
      <line num="365" type="stmt" count="0"/>
      <line num="368" type="stmt" count="0"/>
      <line num="370" type="stmt" count="0"/>
      <line num="378" type="method" name="alertIsPresent" crap="6" count="0"/>
      <line num="379" type="stmt" count="0"/>
      <line num="380" type="stmt" count="0"/>
      <line num="385" type="stmt" count="0"/>
      <line num="386" type="stmt" count="0"/>
      <line num="387" type="stmt" count="0"/>
      <line num="388" type="stmt" count="0"/>
      <line num="389" type="stmt" count="0"/>
      <line num="392" type="stmt" count="0"/>
      <line num="401" type="method" name="not" crap="2" count="0"/>
      <line num="402" type="stmt" count="0"/>
      <line num="404" type="stmt" count="0"/>
      <line num="405" type="stmt" count="0"/>
      <line num="407" type="stmt" count="0"/>
      <metrics loc="409" ncloc="222" classes="1" methods="21" coveredmethods="0" conditionals="0" coveredconditionals="0" statements="105" coveredstatements="0" elements="126" coveredelements="0"/>
    </file>
    <file name="C:\Users\ddefilippo\PhpstormProjects\Mallorca_Madting_Regression_Testing\vendor\facebook\webdriver/lib/WebDriverKeys.php">
      <class name="WebDriverKeys" namespace="global">
        <metrics methods="1" coveredmethods="1" conditionals="0" coveredconditionals="0" statements="14" coveredstatements="10" elements="15" coveredelements="11"/>
      </class>
      <line num="92" type="method" name="encode" crap="5.58" count="1"/>
      <line num="94" type="stmt" count="1"/>
      <line num="95" type="stmt" count="0"/>
      <line num="96" type="stmt" count="0"/>
      <line num="98" type="stmt" count="1"/>
      <line num="99" type="stmt" count="1"/>
      <line num="100" type="stmt" count="1"/>
      <line num="102" type="stmt" count="1"/>
      <line num="103" type="stmt" count="1"/>
      <line num="104" type="stmt" count="1"/>
      <line num="106" type="stmt" count="0"/>
      <line num="107" type="stmt" count="0"/>
      <line num="108" type="stmt" count="1"/>
      <line num="109" type="stmt" count="1"/>
      <line num="111" type="stmt" count="1"/>
      <metrics loc="113" ncloc="72" classes="1" methods="1" coveredmethods="0" conditionals="0" coveredconditionals="0" statements="14" coveredstatements="10" elements="15" coveredelements="10"/>
    </file>
    <file name="C:\Users\ddefilippo\PhpstormProjects\Mallorca_Madting_Regression_Testing\vendor\facebook\webdriver/lib/WebDriverNavigation.php">
      <class name="WebDriverNavigation" namespace="global">
        <metrics methods="5" coveredmethods="0" conditionals="0" coveredconditionals="0" statements="11" coveredstatements="0" elements="16" coveredelements="0"/>
      </class>
      <line num="29" type="method" name="__construct" crap="2" count="0"/>
      <line num="30" type="stmt" count="0"/>
      <line num="31" type="stmt" count="0"/>
      <line num="38" type="method" name="back" crap="2" count="0"/>
      <line num="39" type="stmt" count="0"/>
      <line num="40" type="stmt" count="0"/>
      <line num="48" type="method" name="forward" crap="2" count="0"/>
      <line num="49" type="stmt" count="0"/>
      <line num="50" type="stmt" count="0"/>
      <line num="58" type="method" name="refresh" crap="2" count="0"/>
      <line num="59" type="stmt" count="0"/>
      <line num="60" type="stmt" count="0"/>
      <line num="68" type="method" name="to" crap="2" count="0"/>
      <line num="69" type="stmt" count="0"/>
      <line num="70" type="stmt" count="0"/>
      <line num="71" type="stmt" count="0"/>
      <metrics loc="73" ncloc="18" classes="1" methods="5" coveredmethods="0" conditionals="0" coveredconditionals="0" statements="11" coveredstatements="0" elements="16" coveredelements="0"/>
    </file>
    <file name="C:\Users\ddefilippo\PhpstormProjects\Mallorca_Madting_Regression_Testing\vendor\facebook\webdriver/lib/WebDriverOptions.php">
      <class name="WebDriverOptions" namespace="global">
        <metrics methods="11" coveredmethods="2" conditionals="0" coveredconditionals="0" statements="35" coveredstatements="3" elements="46" coveredelements="5"/>
      </class>
      <line num="23" type="method" name="__construct" crap="1" count="1"/>
      <line num="24" type="stmt" count="1"/>
      <line num="25" type="stmt" count="1"/>
      <line num="46" type="method" name="addCookie" crap="2" count="0"/>
      <line num="47" type="stmt" count="0"/>
      <line num="48" type="stmt" count="0"/>
      <line num="49" type="stmt" count="0"/>
      <line num="57" type="method" name="deleteAllCookies" crap="2" count="0"/>
      <line num="58" type="stmt" count="0"/>
      <line num="59" type="stmt" count="0"/>
      <line num="67" type="method" name="deleteCookieNamed" crap="2" count="0"/>
      <line num="68" type="stmt" count="0"/>
      <line num="69" type="stmt" count="0"/>
      <line num="78" type="method" name="getCookieNamed" crap="12" count="0"/>
      <line num="79" type="stmt" count="0"/>
      <line num="80" type="stmt" count="0"/>
      <line num="81" type="stmt" count="0"/>
      <line num="82" type="stmt" count="0"/>
      <line num="84" type="stmt" count="0"/>
      <line num="85" type="stmt" count="0"/>
      <line num="93" type="method" name="getCookies" crap="2" count="0"/>
      <line num="94" type="stmt" count="0"/>
      <line num="97" type="method" name="validate" crap="56" count="0"/>
      <line num="98" type="stmt" count="0"/>
      <line num="99" type="stmt" count="0"/>
      <line num="100" type="stmt" count="0"/>
      <line num="101" type="stmt" count="0"/>
      <line num="102" type="stmt" count="0"/>
      <line num="105" type="stmt" count="0"/>
      <line num="106" type="stmt" count="0"/>
      <line num="107" type="stmt" count="0"/>
      <line num="110" type="stmt" count="0"/>
      <line num="111" type="stmt" count="0"/>
      <line num="112" type="stmt" count="0"/>
      <line num="114" type="stmt" count="0"/>
      <line num="121" type="method" name="timeouts" crap="2" count="0"/>
      <line num="122" type="stmt" count="0"/>
      <line num="131" type="method" name="window" crap="1" count="1"/>
      <line num="132" type="stmt" count="1"/>
      <line num="142" type="method" name="getLog" crap="2" count="0"/>
      <line num="143" type="stmt" count="0"/>
      <line num="144" type="stmt" count="0"/>
      <line num="145" type="stmt" count="0"/>
      <line num="146" type="stmt" count="0"/>
      <line num="155" type="method" name="getAvailableLogTypes" crap="2" count="0"/>
      <line num="156" type="stmt" count="0"/>
      <metrics loc="159" ncloc="66" classes="1" methods="11" coveredmethods="2" conditionals="0" coveredconditionals="0" statements="35" coveredstatements="3" elements="46" coveredelements="5"/>
    </file>
    <file name="C:\Users\ddefilippo\PhpstormProjects\Mallorca_Madting_Regression_Testing\vendor\facebook\webdriver/lib/WebDriverPoint.php">
      <class name="WebDriverPoint" namespace="global">
        <metrics methods="6" coveredmethods="0" conditionals="0" coveredconditionals="0" statements="13" coveredstatements="0" elements="19" coveredelements="0"/>
      </class>
      <line num="23" type="method" name="__construct" crap="2" count="0"/>
      <line num="24" type="stmt" count="0"/>
      <line num="25" type="stmt" count="0"/>
      <line num="26" type="stmt" count="0"/>
      <line num="33" type="method" name="getX" crap="2" count="0"/>
      <line num="34" type="stmt" count="0"/>
      <line num="42" type="method" name="getY" crap="2" count="0"/>
      <line num="43" type="stmt" count="0"/>
      <line num="51" type="method" name="move" crap="2" count="0"/>
      <line num="52" type="stmt" count="0"/>
      <line num="53" type="stmt" count="0"/>
      <line num="54" type="stmt" count="0"/>
      <line num="62" type="method" name="moveBy" crap="2" count="0"/>
      <line num="63" type="stmt" count="0"/>
      <line num="64" type="stmt" count="0"/>
      <line num="65" type="stmt" count="0"/>
      <line num="74" type="method" name="equals" crap="6" count="0"/>
      <line num="75" type="stmt" count="0"/>
      <line num="76" type="stmt" count="0"/>
      <metrics loc="78" ncloc="23" classes="1" methods="6" coveredmethods="0" conditionals="0" coveredconditionals="0" statements="13" coveredstatements="0" elements="19" coveredelements="0"/>
    </file>
    <file name="C:\Users\ddefilippo\PhpstormProjects\Mallorca_Madting_Regression_Testing\vendor\facebook\webdriver/lib/WebDriverSelect.php">
      <class name="WebDriverSelect" namespace="global">
        <metrics methods="13" coveredmethods="0" conditionals="0" coveredconditionals="0" statements="128" coveredstatements="0" elements="141" coveredelements="0"/>
      </class>
      <line num="24" type="method" name="__construct" crap="6" count="0"/>
      <line num="25" type="stmt" count="0"/>
      <line num="27" type="stmt" count="0"/>
      <line num="28" type="stmt" count="0"/>
      <line num="30" type="stmt" count="0"/>
      <line num="31" type="stmt" count="0"/>
      <line num="32" type="stmt" count="0"/>
      <line num="33" type="stmt" count="0"/>
      <line num="40" type="method" name="isMultiple" crap="2" count="0"/>
      <line num="41" type="stmt" count="0"/>
      <line num="47" type="method" name="getOptions" crap="2" count="0"/>
      <line num="48" type="stmt" count="0"/>
      <line num="54" type="method" name="getAllSelectedOptions" crap="12" count="0"/>
      <line num="55" type="stmt" count="0"/>
      <line num="56" type="stmt" count="0"/>
      <line num="57" type="stmt" count="0"/>
      <line num="58" type="stmt" count="0"/>
      <line num="59" type="stmt" count="0"/>
      <line num="60" type="stmt" count="0"/>
      <line num="61" type="stmt" count="0"/>
      <line num="68" type="method" name="getFirstSelectedOption" crap="12" count="0"/>
      <line num="69" type="stmt" count="0"/>
      <line num="70" type="stmt" count="0"/>
      <line num="71" type="stmt" count="0"/>
      <line num="73" type="stmt" count="0"/>
      <line num="75" type="stmt" count="0"/>
      <line num="83" type="method" name="deselectAll" crap="20" count="0"/>
      <line num="84" type="stmt" count="0"/>
      <line num="85" type="stmt" count="0"/>
      <line num="87" type="stmt" count="0"/>
      <line num="90" type="stmt" count="0"/>
      <line num="91" type="stmt" count="0"/>
      <line num="92" type="stmt" count="0"/>
      <line num="93" type="stmt" count="0"/>
      <line num="94" type="stmt" count="0"/>
      <line num="95" type="stmt" count="0"/>
      <line num="103" type="method" name="selectByIndex" crap="42" count="0"/>
      <line num="104" type="stmt" count="0"/>
      <line num="105" type="stmt" count="0"/>
      <line num="106" type="stmt" count="0"/>
      <line num="107" type="stmt" count="0"/>
      <line num="108" type="stmt" count="0"/>
      <line num="109" type="stmt" count="0"/>
      <line num="110" type="stmt" count="0"/>
      <line num="112" type="stmt" count="0"/>
      <line num="113" type="stmt" count="0"/>
      <line num="114" type="stmt" count="0"/>
      <line num="115" type="stmt" count="0"/>
      <line num="116" type="stmt" count="0"/>
      <line num="117" type="stmt" count="0"/>
      <line num="118" type="stmt" count="0"/>
      <line num="119" type="stmt" count="0"/>
      <line num="121" type="stmt" count="0"/>
      <line num="132" type="method" name="selectByValue" crap="30" count="0"/>
      <line num="133" type="stmt" count="0"/>
      <line num="134" type="stmt" count="0"/>
      <line num="135" type="stmt" count="0"/>
      <line num="137" type="stmt" count="0"/>
      <line num="138" type="stmt" count="0"/>
      <line num="139" type="stmt" count="0"/>
      <line num="140" type="stmt" count="0"/>
      <line num="141" type="stmt" count="0"/>
      <line num="142" type="stmt" count="0"/>
      <line num="144" type="stmt" count="0"/>
      <line num="145" type="stmt" count="0"/>
      <line num="147" type="stmt" count="0"/>
      <line num="148" type="stmt" count="0"/>
      <line num="149" type="stmt" count="0"/>
      <line num="150" type="stmt" count="0"/>
      <line num="152" type="stmt" count="0"/>
      <line num="163" type="method" name="selectByVisibleText" crap="110" count="0"/>
      <line num="164" type="stmt" count="0"/>
      <line num="165" type="stmt" count="0"/>
      <line num="166" type="stmt" count="0"/>
      <line num="168" type="stmt" count="0"/>
      <line num="169" type="stmt" count="0"/>
      <line num="170" type="stmt" count="0"/>
      <line num="171" type="stmt" count="0"/>
      <line num="172" type="stmt" count="0"/>
      <line num="173" type="stmt" count="0"/>
      <line num="175" type="stmt" count="0"/>
      <line num="176" type="stmt" count="0"/>
      <line num="180" type="stmt" count="0"/>
      <line num="181" type="stmt" count="0"/>
      <line num="182" type="stmt" count="0"/>
      <line num="183" type="stmt" count="0"/>
      <line num="184" type="stmt" count="0"/>
      <line num="185" type="stmt" count="0"/>
      <line num="186" type="stmt" count="0"/>
      <line num="187" type="stmt" count="0"/>
      <line num="189" type="stmt" count="0"/>
      <line num="190" type="stmt" count="0"/>
      <line num="191" type="stmt" count="0"/>
      <line num="192" type="stmt" count="0"/>
      <line num="194" type="stmt" count="0"/>
      <line num="195" type="stmt" count="0"/>
      <line num="196" type="stmt" count="0"/>
      <line num="197" type="stmt" count="0"/>
      <line num="199" type="stmt" count="0"/>
      <line num="207" type="method" name="deselectByIndex" crap="20" count="0"/>
      <line num="208" type="stmt" count="0"/>
      <line num="209" type="stmt" count="0"/>
      <line num="210" type="stmt" count="0"/>
      <line num="211" type="stmt" count="0"/>
      <line num="212" type="stmt" count="0"/>
      <line num="213" type="stmt" count="0"/>
      <line num="214" type="stmt" count="0"/>
      <line num="225" type="method" name="deselectByValue" crap="12" count="0"/>
      <line num="226" type="stmt" count="0"/>
      <line num="227" type="stmt" count="0"/>
      <line num="228" type="stmt" count="0"/>
      <line num="229" type="stmt" count="0"/>
      <line num="230" type="stmt" count="0"/>
      <line num="231" type="stmt" count="0"/>
      <line num="232" type="stmt" count="0"/>
      <line num="233" type="stmt" count="0"/>
      <line num="244" type="method" name="deselectByVisibleText" crap="12" count="0"/>
      <line num="245" type="stmt" count="0"/>
      <line num="246" type="stmt" count="0"/>
      <line num="247" type="stmt" count="0"/>
      <line num="248" type="stmt" count="0"/>
      <line num="249" type="stmt" count="0"/>
      <line num="250" type="stmt" count="0"/>
      <line num="251" type="stmt" count="0"/>
      <line num="252" type="stmt" count="0"/>
      <line num="261" type="method" name="escapeQuotes" crap="42" count="0"/>
      <line num="262" type="stmt" count="0"/>
      <line num="263" type="stmt" count="0"/>
      <line num="265" type="stmt" count="0"/>
      <line num="266" type="stmt" count="0"/>
      <line num="267" type="stmt" count="0"/>
      <line num="268" type="stmt" count="0"/>
      <line num="269" type="stmt" count="0"/>
      <line num="270" type="stmt" count="0"/>
      <line num="271" type="stmt" count="0"/>
      <line num="272" type="stmt" count="0"/>
      <line num="273" type="stmt" count="0"/>
      <line num="274" type="stmt" count="0"/>
      <line num="277" type="stmt" count="0"/>
      <line num="278" type="stmt" count="0"/>
      <line num="281" type="stmt" count="0"/>
      <metrics loc="284" ncloc="176" classes="1" methods="13" coveredmethods="0" conditionals="0" coveredconditionals="0" statements="128" coveredstatements="0" elements="141" coveredelements="0"/>
    </file>
    <file name="C:\Users\ddefilippo\PhpstormProjects\Mallorca_Madting_Regression_Testing\vendor\facebook\webdriver/lib/WebDriverTargetLocator.php">
      <class name="WebDriverTargetLocator" namespace="global">
        <metrics methods="5" coveredmethods="0" conditionals="0" coveredconditionals="0" statements="16" coveredstatements="0" elements="21" coveredelements="0"/>
      </class>
      <line num="24" type="method" name="__construct" crap="2" count="0"/>
      <line num="25" type="stmt" count="0"/>
      <line num="26" type="stmt" count="0"/>
      <line num="27" type="stmt" count="0"/>
      <line num="35" type="method" name="defaultContent" crap="2" count="0"/>
      <line num="36" type="stmt" count="0"/>
      <line num="38" type="stmt" count="0"/>
      <line num="48" type="method" name="frame" crap="6" count="0"/>
      <line num="49" type="stmt" count="0"/>
      <line num="50" type="stmt" count="0"/>
      <line num="51" type="stmt" count="0"/>
      <line num="52" type="stmt" count="0"/>
      <line num="55" type="stmt" count="0"/>
      <line num="56" type="stmt" count="0"/>
      <line num="58" type="stmt" count="0"/>
      <line num="68" type="method" name="window" crap="2" count="0"/>
      <line num="69" type="stmt" count="0"/>
      <line num="70" type="stmt" count="0"/>
      <line num="72" type="stmt" count="0"/>
      <line num="81" type="method" name="alert" crap="2" count="0"/>
      <line num="82" type="stmt" count="0"/>
      <metrics loc="84" ncloc="29" classes="1" methods="5" coveredmethods="0" conditionals="0" coveredconditionals="0" statements="16" coveredstatements="0" elements="21" coveredelements="0"/>
    </file>
    <file name="C:\Users\ddefilippo\PhpstormProjects\Mallorca_Madting_Regression_Testing\vendor\facebook\webdriver/lib/WebDriverTimeouts.php">
      <class name="WebDriverTimeouts" namespace="global">
        <metrics methods="4" coveredmethods="0" conditionals="0" coveredconditionals="0" statements="17" coveredstatements="0" elements="21" coveredelements="0"/>
      </class>
      <line num="23" type="method" name="__construct" crap="2" count="0"/>
      <line num="24" type="stmt" count="0"/>
      <line num="25" type="stmt" count="0"/>
      <line num="34" type="method" name="implicitlyWait" crap="2" count="0"/>
      <line num="35" type="stmt" count="0"/>
      <line num="36" type="stmt" count="0"/>
      <line num="37" type="stmt" count="0"/>
      <line num="38" type="stmt" count="0"/>
      <line num="39" type="stmt" count="0"/>
      <line num="49" type="method" name="setScriptTimeout" crap="2" count="0"/>
      <line num="50" type="stmt" count="0"/>
      <line num="51" type="stmt" count="0"/>
      <line num="52" type="stmt" count="0"/>
      <line num="53" type="stmt" count="0"/>
      <line num="54" type="stmt" count="0"/>
      <line num="64" type="method" name="pageLoadTimeout" crap="2" count="0"/>
      <line num="65" type="stmt" count="0"/>
      <line num="66" type="stmt" count="0"/>
      <line num="67" type="stmt" count="0"/>
      <line num="68" type="stmt" count="0"/>
      <line num="69" type="stmt" count="0"/>
      <metrics loc="71" ncloc="21" classes="1" methods="4" coveredmethods="0" conditionals="0" coveredconditionals="0" statements="17" coveredstatements="0" elements="21" coveredelements="0"/>
    </file>
    <file name="C:\Users\ddefilippo\PhpstormProjects\Mallorca_Madting_Regression_Testing\vendor\facebook\webdriver/lib/WebDriverWait.php">
      <class name="WebDriverWait" namespace="global">
        <metrics methods="2" coveredmethods="0" conditionals="0" coveredconditionals="0" statements="21" coveredstatements="0" elements="23" coveredelements="0"/>
      </class>
      <line num="28" type="method" name="__construct" crap="12" count="0"/>
      <line num="32" type="stmt" count="0"/>
      <line num="33" type="stmt" count="0"/>
      <line num="34" type="stmt" count="0"/>
      <line num="35" type="stmt" count="0"/>
      <line num="36" type="stmt" count="0"/>
      <line num="45" type="method" name="until" crap="42" count="0"/>
      <line num="46" type="stmt" count="0"/>
      <line num="47" type="stmt" count="0"/>
      <line num="49" type="stmt" count="0"/>
      <line num="51" type="stmt" count="0"/>
      <line num="52" type="stmt" count="0"/>
      <line num="53" type="stmt" count="0"/>
      <line num="54" type="stmt" count="0"/>
      <line num="56" type="stmt" count="0"/>
      <line num="57" type="stmt" count="0"/>
      <line num="59" type="stmt" count="0"/>
      <line num="60" type="stmt" count="0"/>
      <line num="62" type="stmt" count="0"/>
      <line num="63" type="stmt" count="0"/>
      <line num="65" type="stmt" count="0"/>
      <line num="66" type="stmt" count="0"/>
      <line num="68" type="stmt" count="0"/>
      <metrics loc="70" ncloc="31" classes="1" methods="2" coveredmethods="0" conditionals="0" coveredconditionals="0" statements="21" coveredstatements="0" elements="23" coveredelements="0"/>
    </file>
    <file name="C:\Users\ddefilippo\PhpstormProjects\Mallorca_Madting_Regression_Testing\vendor\facebook\webdriver/lib/WebDriverWindow.php">
      <class name="WebDriverWindow" namespace="global">
        <metrics methods="8" coveredmethods="2" conditionals="0" coveredconditionals="0" statements="45" coveredstatements="7" elements="53" coveredelements="9"/>
      </class>
      <line num="23" type="method" name="__construct" crap="1" count="1"/>
      <line num="24" type="stmt" count="1"/>
      <line num="25" type="stmt" count="1"/>
      <line num="33" type="method" name="getPosition" crap="2" count="0"/>
      <line num="34" type="stmt" count="0"/>
      <line num="35" type="stmt" count="0"/>
      <line num="36" type="stmt" count="0"/>
      <line num="37" type="stmt" count="0"/>
      <line num="38" type="stmt" count="0"/>
      <line num="39" type="stmt" count="0"/>
      <line num="40" type="stmt" count="0"/>
      <line num="41" type="stmt" count="0"/>
      <line num="50" type="method" name="getSize" crap="2" count="0"/>
      <line num="51" type="stmt" count="0"/>
      <line num="52" type="stmt" count="0"/>
      <line num="53" type="stmt" count="0"/>
      <line num="54" type="stmt" count="0"/>
      <line num="55" type="stmt" count="0"/>
      <line num="56" type="stmt" count="0"/>
      <line num="57" type="stmt" count="0"/>
      <line num="58" type="stmt" count="0"/>
      <line num="66" type="method" name="maximize" crap="1" count="1"/>
      <line num="67" type="stmt" count="1"/>
      <line num="68" type="stmt" count="1"/>
      <line num="69" type="stmt" count="1"/>
      <line num="70" type="stmt" count="1"/>
      <line num="71" type="stmt" count="1"/>
      <line num="82" type="method" name="setSize" crap="2" count="0"/>
      <line num="84" type="stmt" count="0"/>
      <line num="85" type="stmt" count="0"/>
      <line num="86" type="stmt" count="0"/>
      <line num="87" type="stmt" count="0"/>
      <line num="88" type="stmt" count="0"/>
      <line num="89" type="stmt" count="0"/>
      <line num="100" type="method" name="setPosition" crap="2" count="0"/>
      <line num="102" type="stmt" count="0"/>
      <line num="103" type="stmt" count="0"/>
      <line num="104" type="stmt" count="0"/>
      <line num="105" type="stmt" count="0"/>
      <line num="106" type="stmt" count="0"/>
      <line num="107" type="stmt" count="0"/>
      <line num="115" type="method" name="getScreenOrientation" crap="2" count="0"/>
      <line num="116" type="stmt" count="0"/>
      <line num="128" type="method" name="setScreenOrientation" crap="6" count="0"/>
      <line num="129" type="stmt" count="0"/>
      <line num="130" type="stmt" count="0"/>
      <line num="131" type="stmt" count="0"/>
      <line num="133" type="stmt" count="0"/>
      <line num="136" type="stmt" count="0"/>
      <line num="137" type="stmt" count="0"/>
      <line num="138" type="stmt" count="0"/>
      <line num="139" type="stmt" count="0"/>
      <line num="141" type="stmt" count="0"/>
      <metrics loc="145" ncloc="70" classes="1" methods="8" coveredmethods="2" conditionals="0" coveredconditionals="0" statements="45" coveredstatements="7" elements="53" coveredelements="9"/>
    </file>
    <file name="C:\Users\ddefilippo\PhpstormProjects\Mallorca_Madting_Regression_Testing\vendor\facebook\webdriver/lib/interactions/WebDriverActions.php">
      <class name="WebDriverActions" namespace="global">
        <metrics methods="14" coveredmethods="0" conditionals="0" coveredconditionals="0" statements="69" coveredstatements="0" elements="83" coveredelements="0"/>
      </class>
      <line num="26" type="method" name="__construct" crap="2" count="0"/>
      <line num="27" type="stmt" count="0"/>
      <line num="28" type="stmt" count="0"/>
      <line num="29" type="stmt" count="0"/>
      <line num="30" type="stmt" count="0"/>
      <line num="31" type="stmt" count="0"/>
      <line num="37" type="method" name="perform" crap="2" count="0"/>
      <line num="38" type="stmt" count="0"/>
      <line num="39" type="stmt" count="0"/>
      <line num="46" type="method" name="click" crap="2" count="0"/>
      <line num="47" type="stmt" count="0"/>
      <line num="48" type="stmt" count="0"/>
      <line num="49" type="stmt" count="0"/>
      <line num="50" type="stmt" count="0"/>
      <line num="58" type="method" name="clickAndHold" crap="2" count="0"/>
      <line num="59" type="stmt" count="0"/>
      <line num="60" type="stmt" count="0"/>
      <line num="61" type="stmt" count="0"/>
      <line num="62" type="stmt" count="0"/>
      <line num="70" type="method" name="contextClick" crap="2" count="0"/>
      <line num="71" type="stmt" count="0"/>
      <line num="72" type="stmt" count="0"/>
      <line num="73" type="stmt" count="0"/>
      <line num="74" type="stmt" count="0"/>
      <line num="82" type="method" name="doubleClick" crap="2" count="0"/>
      <line num="83" type="stmt" count="0"/>
      <line num="84" type="stmt" count="0"/>
      <line num="85" type="stmt" count="0"/>
      <line num="86" type="stmt" count="0"/>
      <line num="93" type="method" name="dragAndDrop" crap="2" count="0"/>
      <line num="95" type="stmt" count="0"/>
      <line num="96" type="stmt" count="0"/>
      <line num="97" type="stmt" count="0"/>
      <line num="98" type="stmt" count="0"/>
      <line num="99" type="stmt" count="0"/>
      <line num="100" type="stmt" count="0"/>
      <line num="101" type="stmt" count="0"/>
      <line num="102" type="stmt" count="0"/>
      <line num="103" type="stmt" count="0"/>
      <line num="104" type="stmt" count="0"/>
      <line num="111" type="method" name="dragAndDropBy" crap="2" count="0"/>
      <line num="114" type="stmt" count="0"/>
      <line num="115" type="stmt" count="0"/>
      <line num="116" type="stmt" count="0"/>
      <line num="117" type="stmt" count="0"/>
      <line num="118" type="stmt" count="0"/>
      <line num="119" type="stmt" count="0"/>
      <line num="120" type="stmt" count="0"/>
      <line num="121" type="stmt" count="0"/>
      <line num="122" type="stmt" count="0"/>
      <line num="123" type="stmt" count="0"/>
      <line num="130" type="method" name="moveByOffset" crap="2" count="0"/>
      <line num="131" type="stmt" count="0"/>
      <line num="132" type="stmt" count="0"/>
      <line num="133" type="stmt" count="0"/>
      <line num="134" type="stmt" count="0"/>
      <line num="142" type="method" name="moveToElement" crap="2" count="0"/>
      <line num="145" type="stmt" count="0"/>
      <line num="146" type="stmt" count="0"/>
      <line num="147" type="stmt" count="0"/>
      <line num="148" type="stmt" count="0"/>
      <line num="156" type="method" name="release" crap="2" count="0"/>
      <line num="157" type="stmt" count="0"/>
      <line num="158" type="stmt" count="0"/>
      <line num="159" type="stmt" count="0"/>
      <line num="160" type="stmt" count="0"/>
      <line num="170" type="method" name="keyDown" crap="2" count="0"/>
      <line num="171" type="stmt" count="0"/>
      <line num="172" type="stmt" count="0"/>
      <line num="173" type="stmt" count="0"/>
      <line num="174" type="stmt" count="0"/>
      <line num="184" type="method" name="keyUp" crap="2" count="0"/>
      <line num="185" type="stmt" count="0"/>
      <line num="186" type="stmt" count="0"/>
      <line num="187" type="stmt" count="0"/>
      <line num="188" type="stmt" count="0"/>
      <line num="198" type="method" name="sendKeys" crap="2" count="0"/>
      <line num="199" type="stmt" count="0"/>
      <line num="200" type="stmt" count="0"/>
      <line num="201" type="stmt" count="0"/>
      <line num="202" type="stmt" count="0"/>
      <line num="203" type="stmt" count="0"/>
      <line num="204" type="stmt" count="0"/>
      <metrics loc="206" ncloc="110" classes="1" methods="14" coveredmethods="0" conditionals="0" coveredconditionals="0" statements="69" coveredstatements="0" elements="83" coveredelements="0"/>
    </file>
    <file name="C:\Users\ddefilippo\PhpstormProjects\Mallorca_Madting_Regression_Testing\vendor\facebook\webdriver/lib/interactions/WebDriverCompositeAction.php">
      <class name="WebDriverCompositeAction" namespace="global">
        <metrics methods="3" coveredmethods="0" conditionals="0" coveredconditionals="0" statements="7" coveredstatements="0" elements="10" coveredelements="0"/>
      </class>
      <line num="28" type="method" name="addAction" crap="2" count="0"/>
      <line num="29" type="stmt" count="0"/>
      <line num="30" type="stmt" count="0"/>
      <line num="38" type="method" name="getNumberOfActions" crap="2" count="0"/>
      <line num="39" type="stmt" count="0"/>
      <line num="45" type="method" name="perform" crap="6" count="0"/>
      <line num="46" type="stmt" count="0"/>
      <line num="47" type="stmt" count="0"/>
      <line num="48" type="stmt" count="0"/>
      <line num="49" type="stmt" count="0"/>
      <metrics loc="50" ncloc="8" classes="1" methods="3" coveredmethods="0" conditionals="0" coveredconditionals="0" statements="7" coveredstatements="0" elements="10" coveredelements="0"/>
    </file>
    <file name="C:\Users\ddefilippo\PhpstormProjects\Mallorca_Madting_Regression_Testing\vendor\facebook\webdriver/lib/interactions/WebDriverTouchActions.php">
      <class name="WebDriverTouchActions" namespace="global">
        <metrics methods="11" coveredmethods="0" conditionals="0" coveredconditionals="0" statements="48" coveredstatements="0" elements="59" coveredelements="0"/>
      </class>
      <line num="46" type="method" name="__construct" crap="2" count="0"/>
      <line num="47" type="stmt" count="0"/>
      <line num="48" type="stmt" count="0"/>
      <line num="49" type="stmt" count="0"/>
      <line num="50" type="stmt" count="0"/>
      <line num="51" type="stmt" count="0"/>
      <line num="52" type="stmt" count="0"/>
      <line num="57" type="method" name="tap" crap="2" count="0"/>
      <line num="58" type="stmt" count="0"/>
      <line num="59" type="stmt" count="0"/>
      <line num="60" type="stmt" count="0"/>
      <line num="61" type="stmt" count="0"/>
      <line num="67" type="method" name="down" crap="2" count="0"/>
      <line num="68" type="stmt" count="0"/>
      <line num="69" type="stmt" count="0"/>
      <line num="70" type="stmt" count="0"/>
      <line num="71" type="stmt" count="0"/>
      <line num="77" type="method" name="up" crap="2" count="0"/>
      <line num="78" type="stmt" count="0"/>
      <line num="79" type="stmt" count="0"/>
      <line num="80" type="stmt" count="0"/>
      <line num="81" type="stmt" count="0"/>
      <line num="87" type="method" name="move" crap="2" count="0"/>
      <line num="88" type="stmt" count="0"/>
      <line num="89" type="stmt" count="0"/>
      <line num="90" type="stmt" count="0"/>
      <line num="91" type="stmt" count="0"/>
      <line num="97" type="method" name="scroll" crap="2" count="0"/>
      <line num="98" type="stmt" count="0"/>
      <line num="99" type="stmt" count="0"/>
      <line num="100" type="stmt" count="0"/>
      <line num="101" type="stmt" count="0"/>
      <line num="107" type="method" name="scrollFromElement" crap="2" count="0"/>
      <line num="108" type="stmt" count="0"/>
      <line num="109" type="stmt" count="0"/>
      <line num="110" type="stmt" count="0"/>
      <line num="111" type="stmt" count="0"/>
      <line num="117" type="method" name="doubleTap" crap="2" count="0"/>
      <line num="118" type="stmt" count="0"/>
      <line num="119" type="stmt" count="0"/>
      <line num="120" type="stmt" count="0"/>
      <line num="121" type="stmt" count="0"/>
      <line num="127" type="method" name="longPress" crap="2" count="0"/>
      <line num="128" type="stmt" count="0"/>
      <line num="129" type="stmt" count="0"/>
      <line num="130" type="stmt" count="0"/>
      <line num="131" type="stmt" count="0"/>
      <line num="137" type="method" name="flick" crap="2" count="0"/>
      <line num="138" type="stmt" count="0"/>
      <line num="139" type="stmt" count="0"/>
      <line num="140" type="stmt" count="0"/>
      <line num="141" type="stmt" count="0"/>
      <line num="147" type="method" name="flickFromElement" crap="2" count="0"/>
      <line num="148" type="stmt" count="0"/>
      <line num="149" type="stmt" count="0"/>
      <line num="150" type="stmt" count="0"/>
      <line num="151" type="stmt" count="0"/>
      <line num="152" type="stmt" count="0"/>
      <line num="153" type="stmt" count="0"/>
      <metrics loc="156" ncloc="82" classes="1" methods="11" coveredmethods="0" conditionals="0" coveredconditionals="0" statements="48" coveredstatements="0" elements="59" coveredelements="0"/>
    </file>
    <file name="C:\Users\ddefilippo\PhpstormProjects\Mallorca_Madting_Regression_Testing\vendor\facebook\webdriver/lib/interactions/internal/WebDriverButtonReleaseAction.php">
      <class name="WebDriverButtonReleaseAction" namespace="global">
        <metrics methods="1" coveredmethods="0" conditionals="0" coveredconditionals="0" statements="2" coveredstatements="0" elements="3" coveredelements="0"/>
      </class>
      <line num="23" type="method" name="perform" crap="2" count="0"/>
      <line num="24" type="stmt" count="0"/>
      <line num="25" type="stmt" count="0"/>
      <metrics loc="26" ncloc="-3" classes="1" methods="1" coveredmethods="0" conditionals="0" coveredconditionals="0" statements="2" coveredstatements="0" elements="3" coveredelements="0"/>
    </file>
    <file name="C:\Users\ddefilippo\PhpstormProjects\Mallorca_Madting_Regression_Testing\vendor\facebook\webdriver/lib/interactions/internal/WebDriverClickAction.php">
      <class name="WebDriverClickAction" namespace="global">
        <metrics methods="1" coveredmethods="0" conditionals="0" coveredconditionals="0" statements="2" coveredstatements="0" elements="3" coveredelements="0"/>
      </class>
      <line num="20" type="method" name="perform" crap="2" count="0"/>
      <line num="21" type="stmt" count="0"/>
      <line num="22" type="stmt" count="0"/>
      <metrics loc="23" ncloc="-3" classes="1" methods="1" coveredmethods="0" conditionals="0" coveredconditionals="0" statements="2" coveredstatements="0" elements="3" coveredelements="0"/>
    </file>
    <file name="C:\Users\ddefilippo\PhpstormProjects\Mallorca_Madting_Regression_Testing\vendor\facebook\webdriver/lib/interactions/internal/WebDriverClickAndHoldAction.php">
      <class name="WebDriverClickAndHoldAction" namespace="global">
        <metrics methods="1" coveredmethods="0" conditionals="0" coveredconditionals="0" statements="2" coveredstatements="0" elements="3" coveredelements="0"/>
      </class>
      <line num="23" type="method" name="perform" crap="2" count="0"/>
      <line num="24" type="stmt" count="0"/>
      <line num="25" type="stmt" count="0"/>
      <metrics loc="26" ncloc="-3" classes="1" methods="1" coveredmethods="0" conditionals="0" coveredconditionals="0" statements="2" coveredstatements="0" elements="3" coveredelements="0"/>
    </file>
    <file name="C:\Users\ddefilippo\PhpstormProjects\Mallorca_Madting_Regression_Testing\vendor\facebook\webdriver/lib/interactions/internal/WebDriverContextClickAction.php">
      <class name="WebDriverContextClickAction" namespace="global">
        <metrics methods="1" coveredmethods="0" conditionals="0" coveredconditionals="0" statements="2" coveredstatements="0" elements="3" coveredelements="0"/>
      </class>
      <line num="23" type="method" name="perform" crap="2" count="0"/>
      <line num="24" type="stmt" count="0"/>
      <line num="25" type="stmt" count="0"/>
      <metrics loc="26" ncloc="-3" classes="1" methods="1" coveredmethods="0" conditionals="0" coveredconditionals="0" statements="2" coveredstatements="0" elements="3" coveredelements="0"/>
    </file>
    <file name="C:\Users\ddefilippo\PhpstormProjects\Mallorca_Madting_Regression_Testing\vendor\facebook\webdriver/lib/interactions/internal/WebDriverCoordinates.php">
      <class name="WebDriverCoordinates" namespace="global">
        <metrics methods="5" coveredmethods="0" conditionals="0" coveredconditionals="0" statements="10" coveredstatements="0" elements="15" coveredelements="0"/>
      </class>
      <line num="27" type="method" name="__construct" crap="2" count="0"/>
      <line num="33" type="stmt" count="0"/>
      <line num="34" type="stmt" count="0"/>
      <line num="35" type="stmt" count="0"/>
      <line num="36" type="stmt" count="0"/>
      <line num="37" type="stmt" count="0"/>
      <line num="42" type="method" name="onScreen" crap="2" count="0"/>
      <line num="43" type="stmt" count="0"/>
      <line num="45" type="stmt" count="0"/>
      <line num="51" type="method" name="inViewPort" crap="2" count="0"/>
      <line num="52" type="stmt" count="0"/>
      <line num="58" type="method" name="onPage" crap="2" count="0"/>
      <line num="59" type="stmt" count="0"/>
      <line num="65" type="method" name="getAuxiliary" crap="2" count="0"/>
      <line num="66" type="stmt" count="0"/>
      <metrics loc="68" ncloc="27" classes="1" methods="5" coveredmethods="0" conditionals="0" coveredconditionals="0" statements="10" coveredstatements="0" elements="15" coveredelements="0"/>
    </file>
    <file name="C:\Users\ddefilippo\PhpstormProjects\Mallorca_Madting_Regression_Testing\vendor\facebook\webdriver/lib/interactions/internal/WebDriverDoubleClickAction.php">
      <class name="WebDriverDoubleClickAction" namespace="global">
        <metrics methods="1" coveredmethods="0" conditionals="0" coveredconditionals="0" statements="2" coveredstatements="0" elements="3" coveredelements="0"/>
      </class>
      <line num="20" type="method" name="perform" crap="2" count="0"/>
      <line num="21" type="stmt" count="0"/>
      <line num="22" type="stmt" count="0"/>
      <metrics loc="23" ncloc="-3" classes="1" methods="1" coveredmethods="0" conditionals="0" coveredconditionals="0" statements="2" coveredstatements="0" elements="3" coveredelements="0"/>
    </file>
    <file name="C:\Users\ddefilippo\PhpstormProjects\Mallorca_Madting_Regression_Testing\vendor\facebook\webdriver/lib/interactions/internal/WebDriverKeyDownAction.php">
      <class name="WebDriverKeyDownAction" namespace="global">
        <metrics methods="1" coveredmethods="0" conditionals="0" coveredconditionals="0" statements="3" coveredstatements="0" elements="4" coveredelements="0"/>
      </class>
      <line num="20" type="method" name="perform" crap="2" count="0"/>
      <line num="21" type="stmt" count="0"/>
      <line num="22" type="stmt" count="0"/>
      <line num="23" type="stmt" count="0"/>
      <metrics loc="24" ncloc="-2" classes="1" methods="1" coveredmethods="0" conditionals="0" coveredconditionals="0" statements="3" coveredstatements="0" elements="4" coveredelements="0"/>
    </file>
    <file name="C:\Users\ddefilippo\PhpstormProjects\Mallorca_Madting_Regression_Testing\vendor\facebook\webdriver/lib/interactions/internal/WebDriverKeyUpAction.php">
      <class name="WebDriverKeyUpAction" namespace="global">
        <metrics methods="1" coveredmethods="0" conditionals="0" coveredconditionals="0" statements="3" coveredstatements="0" elements="4" coveredelements="0"/>
      </class>
      <line num="20" type="method" name="perform" crap="2" count="0"/>
      <line num="21" type="stmt" count="0"/>
      <line num="22" type="stmt" count="0"/>
      <line num="23" type="stmt" count="0"/>
      <metrics loc="24" ncloc="-2" classes="1" methods="1" coveredmethods="0" conditionals="0" coveredconditionals="0" statements="3" coveredstatements="0" elements="4" coveredelements="0"/>
    </file>
    <file name="C:\Users\ddefilippo\PhpstormProjects\Mallorca_Madting_Regression_Testing\vendor\facebook\webdriver/lib/interactions/internal/WebDriverKeysRelatedAction.php">
      <class name="WebDriverKeysRelatedAction" namespace="global">
        <metrics methods="2" coveredmethods="0" conditionals="0" coveredconditionals="0" statements="8" coveredstatements="0" elements="10" coveredelements="0"/>
      </class>
      <line num="25" type="method" name="__construct" crap="2" count="0"/>
      <line num="29" type="stmt" count="0"/>
      <line num="30" type="stmt" count="0"/>
      <line num="31" type="stmt" count="0"/>
      <line num="32" type="stmt" count="0"/>
      <line num="37" type="method" name="focusOnElement" crap="6" count="0"/>
      <line num="38" type="stmt" count="0"/>
      <line num="39" type="stmt" count="0"/>
      <line num="40" type="stmt" count="0"/>
      <line num="41" type="stmt" count="0"/>
      <metrics loc="42" ncloc="10" classes="1" methods="2" coveredmethods="0" conditionals="0" coveredconditionals="0" statements="8" coveredstatements="0" elements="10" coveredelements="0"/>
    </file>
    <file name="C:\Users\ddefilippo\PhpstormProjects\Mallorca_Madting_Regression_Testing\vendor\facebook\webdriver/lib/interactions/internal/WebDriverMouseAction.php">
      <class name="WebDriverMouseAction" namespace="global">
        <metrics methods="3" coveredmethods="0" conditionals="0" coveredconditionals="0" statements="8" coveredstatements="0" elements="11" coveredelements="0"/>
      </class>
      <line num="24" type="method" name="__construct" crap="2" count="0"/>
      <line num="27" type="stmt" count="0"/>
      <line num="28" type="stmt" count="0"/>
      <line num="29" type="stmt" count="0"/>
      <line num="34" type="method" name="getActionLocation" crap="6" count="0"/>
      <line num="35" type="stmt" count="0"/>
      <line num="36" type="stmt" count="0"/>
      <line num="38" type="stmt" count="0"/>
      <line num="45" type="method" name="moveToLocation" crap="2" count="0"/>
      <line num="46" type="stmt" count="0"/>
      <line num="47" type="stmt" count="0"/>
      <metrics loc="48" ncloc="13" classes="1" methods="3" coveredmethods="0" conditionals="0" coveredconditionals="0" statements="8" coveredstatements="0" elements="11" coveredelements="0"/>
    </file>
    <file name="C:\Users\ddefilippo\PhpstormProjects\Mallorca_Madting_Regression_Testing\vendor\facebook\webdriver/lib/interactions/internal/WebDriverMouseMoveAction.php">
      <class name="WebDriverMouseMoveAction" namespace="global">
        <metrics methods="1" coveredmethods="0" conditionals="0" coveredconditionals="0" statements="2" coveredstatements="0" elements="3" coveredelements="0"/>
      </class>
      <line num="20" type="method" name="perform" crap="2" count="0"/>
      <line num="21" type="stmt" count="0"/>
      <line num="22" type="stmt" count="0"/>
      <metrics loc="23" ncloc="-3" classes="1" methods="1" coveredmethods="0" conditionals="0" coveredconditionals="0" statements="2" coveredstatements="0" elements="3" coveredelements="0"/>
    </file>
    <file name="C:\Users\ddefilippo\PhpstormProjects\Mallorca_Madting_Regression_Testing\vendor\facebook\webdriver/lib/interactions/internal/WebDriverMoveToOffsetAction.php">
      <class name="WebDriverMoveToOffsetAction" namespace="global">
        <metrics methods="2" coveredmethods="0" conditionals="0" coveredconditionals="0" statements="10" coveredstatements="0" elements="12" coveredelements="0"/>
      </class>
      <line num="22" type="method" name="__construct" crap="2" count="0"/>
      <line num="26" type="stmt" count="0"/>
      <line num="27" type="stmt" count="0"/>
      <line num="28" type="stmt" count="0"/>
      <line num="29" type="stmt" count="0"/>
      <line num="31" type="method" name="perform" crap="2" count="0"/>
      <line num="32" type="stmt" count="0"/>
      <line num="33" type="stmt" count="0"/>
      <line num="34" type="stmt" count="0"/>
      <line num="35" type="stmt" count="0"/>
      <line num="36" type="stmt" count="0"/>
      <line num="37" type="stmt" count="0"/>
      <metrics loc="38" ncloc="12" classes="1" methods="2" coveredmethods="0" conditionals="0" coveredconditionals="0" statements="10" coveredstatements="0" elements="12" coveredelements="0"/>
    </file>
    <file name="C:\Users\ddefilippo\PhpstormProjects\Mallorca_Madting_Regression_Testing\vendor\facebook\webdriver/lib/interactions/internal/WebDriverSendKeysAction.php">
      <class name="WebDriverSendKeysAction" namespace="global">
        <metrics methods="2" coveredmethods="0" conditionals="0" coveredconditionals="0" statements="6" coveredstatements="0" elements="8" coveredelements="0"/>
      </class>
      <line num="22" type="method" name="__construct" crap="2" count="0"/>
      <line num="27" type="stmt" count="0"/>
      <line num="28" type="stmt" count="0"/>
      <line num="29" type="stmt" count="0"/>
      <line num="31" type="method" name="perform" crap="2" count="0"/>
      <line num="32" type="stmt" count="0"/>
      <line num="33" type="stmt" count="0"/>
      <line num="34" type="stmt" count="0"/>
      <metrics loc="35" ncloc="9" classes="1" methods="2" coveredmethods="0" conditionals="0" coveredconditionals="0" statements="6" coveredstatements="0" elements="8" coveredelements="0"/>
    </file>
    <file name="C:\Users\ddefilippo\PhpstormProjects\Mallorca_Madting_Regression_Testing\vendor\facebook\webdriver/lib/interactions/internal/WebDriverSingleKeyAction.php">
      <class name="WebDriverSingleKeyAction" namespace="global">
        <metrics methods="2" coveredmethods="0" conditionals="0" coveredconditionals="0" statements="3" coveredstatements="0" elements="5" coveredelements="0"/>
      </class>
      <line num="22" type="method" name="__construct" crap="2" count="0"/>
      <line num="27" type="stmt" count="0"/>
      <line num="28" type="stmt" count="0"/>
      <line num="29" type="stmt" count="0"/>
      <line num="34" type="method" name="perform" crap="1" count="0"/>
      <metrics loc="35" ncloc="6" classes="1" methods="1" coveredmethods="0" conditionals="0" coveredconditionals="0" statements="3" coveredstatements="0" elements="4" coveredelements="0"/>
    </file>
    <file name="C:\Users\ddefilippo\PhpstormProjects\Mallorca_Madting_Regression_Testing\vendor\facebook\webdriver/lib/interactions/touch/WebDriverDoubleTapAction.php">
      <class name="WebDriverDoubleTapAction" namespace="global">
        <metrics methods="1" coveredmethods="0" conditionals="0" coveredconditionals="0" statements="2" coveredstatements="0" elements="3" coveredelements="0"/>
      </class>
      <line num="20" type="method" name="perform" crap="2" count="0"/>
      <line num="21" type="stmt" count="0"/>
      <line num="22" type="stmt" count="0"/>
      <metrics loc="23" ncloc="-3" classes="1" methods="1" coveredmethods="0" conditionals="0" coveredconditionals="0" statements="2" coveredstatements="0" elements="3" coveredelements="0"/>
    </file>
    <file name="C:\Users\ddefilippo\PhpstormProjects\Mallorca_Madting_Regression_Testing\vendor\facebook\webdriver/lib/interactions/touch/WebDriverDownAction.php">
      <class name="WebDriverDownAction" namespace="global">
        <metrics methods="2" coveredmethods="0" conditionals="0" coveredconditionals="0" statements="6" coveredstatements="0" elements="8" coveredelements="0"/>
      </class>
      <line num="23" type="method" name="__construct" crap="2" count="0"/>
      <line num="24" type="stmt" count="0"/>
      <line num="25" type="stmt" count="0"/>
      <line num="26" type="stmt" count="0"/>
      <line num="27" type="stmt" count="0"/>
      <line num="29" type="method" name="perform" crap="2" count="0"/>
      <line num="30" type="stmt" count="0"/>
      <line num="31" type="stmt" count="0"/>
      <metrics loc="32" ncloc="6" classes="1" methods="2" coveredmethods="0" conditionals="0" coveredconditionals="0" statements="6" coveredstatements="0" elements="8" coveredelements="0"/>
    </file>
    <file name="C:\Users\ddefilippo\PhpstormProjects\Mallorca_Madting_Regression_Testing\vendor\facebook\webdriver/lib/interactions/touch/WebDriverFlickAction.php">
      <class name="WebDriverFlickAction" namespace="global">
        <metrics methods="2" coveredmethods="0" conditionals="0" coveredconditionals="0" statements="6" coveredstatements="0" elements="8" coveredelements="0"/>
      </class>
      <line num="20" type="method" name="__construct" crap="2" count="0"/>
      <line num="21" type="stmt" count="0"/>
      <line num="22" type="stmt" count="0"/>
      <line num="23" type="stmt" count="0"/>
      <line num="24" type="stmt" count="0"/>
      <line num="26" type="method" name="perform" crap="2" count="0"/>
      <line num="27" type="stmt" count="0"/>
      <line num="28" type="stmt" count="0"/>
      <metrics loc="29" ncloc="3" classes="1" methods="2" coveredmethods="0" conditionals="0" coveredconditionals="0" statements="6" coveredstatements="0" elements="8" coveredelements="0"/>
    </file>
    <file name="C:\Users\ddefilippo\PhpstormProjects\Mallorca_Madting_Regression_Testing\vendor\facebook\webdriver/lib/interactions/touch/WebDriverFlickFromElementAction.php">
      <class name="WebDriverFlickFromElementAction" namespace="global">
        <metrics methods="2" coveredmethods="0" conditionals="0" coveredconditionals="0" statements="12" coveredstatements="0" elements="14" coveredelements="0"/>
      </class>
      <line num="24" type="method" name="__construct" crap="2" count="0"/>
      <line num="28" type="stmt" count="0"/>
      <line num="29" type="stmt" count="0"/>
      <line num="30" type="stmt" count="0"/>
      <line num="31" type="stmt" count="0"/>
      <line num="32" type="stmt" count="0"/>
      <line num="34" type="method" name="perform" crap="2" count="0"/>
      <line num="35" type="stmt" count="0"/>
      <line num="36" type="stmt" count="0"/>
      <line num="37" type="stmt" count="0"/>
      <line num="38" type="stmt" count="0"/>
      <line num="39" type="stmt" count="0"/>
      <line num="40" type="stmt" count="0"/>
      <line num="41" type="stmt" count="0"/>
      <metrics loc="42" ncloc="16" classes="1" methods="2" coveredmethods="0" conditionals="0" coveredconditionals="0" statements="12" coveredstatements="0" elements="14" coveredelements="0"/>
    </file>
    <file name="C:\Users\ddefilippo\PhpstormProjects\Mallorca_Madting_Regression_Testing\vendor\facebook\webdriver/lib/interactions/touch/WebDriverLongPressAction.php">
      <class name="WebDriverLongPressAction" namespace="global">
        <metrics methods="1" coveredmethods="0" conditionals="0" coveredconditionals="0" statements="2" coveredstatements="0" elements="3" coveredelements="0"/>
      </class>
      <line num="20" type="method" name="perform" crap="2" count="0"/>
      <line num="21" type="stmt" count="0"/>
      <line num="22" type="stmt" count="0"/>
      <metrics loc="23" ncloc="-3" classes="1" methods="1" coveredmethods="0" conditionals="0" coveredconditionals="0" statements="2" coveredstatements="0" elements="3" coveredelements="0"/>
    </file>
    <file name="C:\Users\ddefilippo\PhpstormProjects\Mallorca_Madting_Regression_Testing\vendor\facebook\webdriver/lib/interactions/touch/WebDriverMoveAction.php">
      <class name="WebDriverMoveAction" namespace="global">
        <metrics methods="2" coveredmethods="0" conditionals="0" coveredconditionals="0" statements="6" coveredstatements="0" elements="8" coveredelements="0"/>
      </class>
      <line num="23" type="method" name="__construct" crap="2" count="0"/>
      <line num="24" type="stmt" count="0"/>
      <line num="25" type="stmt" count="0"/>
      <line num="26" type="stmt" count="0"/>
      <line num="27" type="stmt" count="0"/>
      <line num="29" type="method" name="perform" crap="2" count="0"/>
      <line num="30" type="stmt" count="0"/>
      <line num="31" type="stmt" count="0"/>
      <metrics loc="32" ncloc="6" classes="1" methods="2" coveredmethods="0" conditionals="0" coveredconditionals="0" statements="6" coveredstatements="0" elements="8" coveredelements="0"/>
    </file>
    <file name="C:\Users\ddefilippo\PhpstormProjects\Mallorca_Madting_Regression_Testing\vendor\facebook\webdriver/lib/interactions/touch/WebDriverScrollAction.php">
      <class name="WebDriverScrollAction" namespace="global">
        <metrics methods="2" coveredmethods="0" conditionals="0" coveredconditionals="0" statements="6" coveredstatements="0" elements="8" coveredelements="0"/>
      </class>
      <line num="23" type="method" name="__construct" crap="2" count="0"/>
      <line num="24" type="stmt" count="0"/>
      <line num="25" type="stmt" count="0"/>
      <line num="26" type="stmt" count="0"/>
      <line num="27" type="stmt" count="0"/>
      <line num="29" type="method" name="perform" crap="2" count="0"/>
      <line num="30" type="stmt" count="0"/>
      <line num="31" type="stmt" count="0"/>
[...]
      <line num="25" type="stmt" count="0"/>
      <line num="26" type="stmt" count="0"/>
      <line num="33" type="method" name="EnterTextTinyMceA" crap="2" count="0"/>
      <line num="35" type="stmt" count="0"/>
      <line num="36" type="stmt" count="0"/>
      <line num="37" type="stmt" count="0"/>
      <line num="38" type="stmt" count="0"/>
      <line num="40" type="method" name="EnterTextTinyMceB" crap="2" count="0"/>
      <line num="42" type="stmt" count="0"/>
      <line num="43" type="stmt" count="0"/>
      <line num="44" type="stmt" count="0"/>
      <line num="45" type="stmt" count="0"/>
      <line num="47" type="method" name="EnterTextTinyMceC" crap="2" count="0"/>
      <line num="49" type="stmt" count="0"/>
      <line num="50" type="stmt" count="0"/>
      <line num="51" type="stmt" count="0"/>
      <line num="52" type="stmt" count="0"/>
      <line num="54" type="method" name="EnterWorkflowStatusUpdateCommentTextBox" crap="2" count="0"/>
      <line num="56" type="stmt" count="0"/>
      <line num="57" type="stmt" count="0"/>
      <line num="58" type="stmt" count="0"/>
      <line num="59" type="stmt" count="0"/>
      <line num="68" type="method" name="SelectAssignedCollaboratorA" crap="2" count="0"/>
      <line num="70" type="stmt" count="0"/>
      <line num="71" type="stmt" count="0"/>
      <line num="73" type="method" name="ClickSubmitButton" crap="2" count="0"/>
      <line num="75" type="stmt" count="0"/>
      <line num="77" type="method" name="ClickAddSpecialityButton" crap="2" count="0"/>
      <line num="79" type="stmt" count="0"/>
      <line num="81" type="method" name="ClickCollaboratorListBox" crap="2" count="0"/>
      <line num="83" type="stmt" count="0"/>
      <line num="84" type="stmt" count="0"/>
      <line num="86" type="method" name="SelectCollaboratorFromListA" crap="2" count="0"/>
      <line num="88" type="stmt" count="0"/>
      <line num="89" type="stmt" count="0"/>
      <line num="92" type="method" name="ClickAssignCollaboratorButtonA" crap="2" count="0"/>
      <line num="94" type="stmt" count="0"/>
      <line num="96" type="method" name="ClickAssignCollaboratorButtonB" crap="2" count="0"/>
      <line num="98" type="stmt" count="0"/>
      <line num="100" type="method" name="ClickChooseSpecialityA" crap="2" count="0"/>
      <line num="102" type="stmt" count="0"/>
      <line num="104" type="method" name="ClickChooseSpecialityB" crap="2" count="0"/>
      <line num="106" type="stmt" count="0"/>
      <line num="108" type="method" name="ClickChooseSubSpecialityA" crap="2" count="0"/>
      <line num="110" type="stmt" count="0"/>
      <line num="112" type="method" name="ClickChooseSubSpecialityB" crap="2" count="0"/>
      <line num="114" type="stmt" count="0"/>
      <line num="116" type="method" name="AcceptTerms" crap="2" count="0"/>
      <line num="118" type="stmt" count="0"/>
      <line num="120" type="method" name="ClickSelectaSpecialty" crap="2" count="0"/>
      <line num="122" type="stmt" count="0"/>
      <line num="124" type="method" name="ClickSelectaSpecialtyFromList" crap="2" count="0"/>
      <line num="126" type="stmt" count="0"/>
      <line num="128" type="method" name="ClickSelectaSubSpecialtyFromList" crap="2" count="0"/>
      <line num="130" type="stmt" count="0"/>
      <line num="132" type="method" name="ClickEditCaseButton" crap="2" count="0"/>
      <line num="134" type="stmt" count="0"/>
      <line num="136" type="method" name="ConvertToHeadingClick" crap="2" count="0"/>
      <line num="138" type="stmt" count="0"/>
      <line num="139" type="stmt" count="0"/>
      <line num="140" type="stmt" count="0"/>
      <line num="141" type="stmt" count="0"/>
      <line num="144" type="method" name="ConvertToBulletClick" crap="2" count="0"/>
      <line num="146" type="stmt" count="0"/>
      <line num="147" type="stmt" count="0"/>
      <line num="148" type="stmt" count="0"/>
      <line num="149" type="stmt" count="0"/>
      <line num="151" type="method" name="ClickFilesandMediaPane" crap="2" count="0"/>
      <line num="153" type="stmt" count="0"/>
      <line num="155" type="method" name="ClickAssociateMediaButton" crap="2" count="0"/>
      <line num="157" type="stmt" count="0"/>
      <line num="158" type="stmt" count="0"/>
      <line num="159" type="stmt" count="0"/>
      <line num="161" type="method" name="ClickAssociateFileButton" crap="2" count="0"/>
      <line num="163" type="stmt" count="0"/>
      <line num="164" type="stmt" count="0"/>
      <line num="165" type="stmt" count="0"/>
      <line num="167" type="method" name="ClickUploadFromWordButton" crap="2" count="0"/>
      <line num="169" type="stmt" count="0"/>
      <line num="170" type="stmt" count="0"/>
      <line num="171" type="stmt" count="0"/>
      <line num="173" type="method" name="ClickInsertEditButton" crap="2" count="0"/>
      <line num="175" type="stmt" count="0"/>
      <line num="176" type="stmt" count="0"/>
      <line num="177" type="stmt" count="0"/>
      <line num="179" type="method" name="ClickViewInFullWindowButton" crap="2" count="0"/>
      <line num="181" type="stmt" count="0"/>
      <line num="182" type="stmt" count="0"/>
      <line num="183" type="stmt" count="0"/>
      <line num="185" type="method" name="ClickBackToCaseButton" crap="2" count="0"/>
      <line num="187" type="stmt" count="0"/>
      <line num="188" type="stmt" count="0"/>
      <line num="189" type="stmt" count="0"/>
      <line num="191" type="method" name="ClickSelectaSpeciality" crap="2" count="0"/>
      <line num="193" type="stmt" count="0"/>
      <line num="194" type="stmt" count="0"/>
      <line num="195" type="stmt" count="0"/>
      <line num="197" type="method" name="ChooseSpecialityFromSelectSpecialityListBox" crap="2" count="0"/>
      <line num="199" type="stmt" count="0"/>
      <line num="203" type="method" name="ClickSelectaSubSpeciality" crap="2" count="0"/>
      <line num="205" type="stmt" count="0"/>
      <line num="207" type="method" name="ChooseSubSpecialityFromSubSelectSpecialityListBox" crap="2" count="0"/>
      <line num="209" type="stmt" count="0"/>
      <line num="211" type="method" name="addSNOMEDTag" crap="2" count="0"/>
      <line num="213" type="stmt" count="0"/>
      <line num="215" type="method" name="ClickGroupsandWorkflowButton" crap="2" count="0"/>
      <line num="217" type="stmt" count="0"/>
      <line num="219" type="method" name="ClickAddFromMyFilesButton" crap="2" count="0"/>
      <line num="221" type="stmt" count="0"/>
      <line num="223" type="method" name="ClickFilesUploadButton" crap="2" count="0"/>
      <line num="225" type="stmt" count="0"/>
      <line num="227" type="method" name="ClickAddFilesImagesVideosSection" crap="2" count="0"/>
      <line num="229" type="stmt" count="0"/>
      <line num="231" type="method" name="ClickAddFromMyMediaButton" crap="2" count="0"/>
      <line num="233" type="stmt" count="0"/>
      <line num="235" type="method" name="VerifyErrorMessageYouMustAcceptTerms" crap="6" count="0"/>
      <line num="237" type="stmt" count="0"/>
      <line num="238" type="stmt" count="0"/>
      <line num="239" type="stmt" count="0"/>
      <line num="240" type="stmt" count="0"/>
      <line num="241" type="stmt" count="0"/>
      <line num="242" type="stmt" count="0"/>
      <line num="246" type="stmt" count="0"/>
      <line num="250" type="method" name="EnterTextTxtFField" crap="2" count="0"/>
      <line num="252" type="stmt" count="0"/>
      <line num="254" type="method" name="EnterTextTxtFAlpMandField" crap="2" count="0"/>
      <line num="256" type="stmt" count="0"/>
      <line num="258" type="method" name="ClickShareCaseWithButton" crap="2" count="0"/>
      <line num="260" type="stmt" count="0"/>
      <line num="262" type="method" name="EnterShareCaseWithValue" crap="2" count="0"/>
      <line num="264" type="stmt" count="0"/>
      <line num="266" type="method" name="ClickHomepageIcon" crap="2" count="0"/>
      <line num="268" type="stmt" count="0"/>
      <line num="270" type="method" name="ClickCollaboratorsTemplateListBoxId" crap="2" count="0"/>
      <line num="272" type="stmt" count="0"/>
      <line num="274" type="method" name="ClickAssignCollaboratorTemplateButton" crap="2" count="0"/>
      <line num="276" type="stmt" count="0"/>
      <line num="278" type="method" name="ClickShareCaseButton" crap="2" count="0"/>
      <line num="280" type="stmt" count="0"/>
      <line num="282" type="method" name="Verifydownloadpdfbutton" crap="6" count="0"/>
      <line num="284" type="stmt" count="0"/>
      <line num="285" type="stmt" count="0"/>
      <line num="286" type="stmt" count="0"/>
      <line num="288" type="stmt" count="0"/>
      <line num="291" type="method" name="VerifyPostCommentIcon" crap="6" count="0"/>
      <line num="293" type="stmt" count="0"/>
      <line num="294" type="stmt" count="0"/>
      <line num="295" type="stmt" count="0"/>
      <line num="297" type="stmt" count="0"/>
      <line num="300" type="method" name="ClickGroupNewTab" crap="2" count="0"/>
      <line num="302" type="stmt" count="0"/>
      <line num="304" type="method" name="ClickCreateNewPostInNewButton" crap="2" count="0"/>
      <line num="306" type="stmt" count="0"/>
      <line num="308" type="method" name="EnterTitleInTitleField" crap="2" count="0"/>
      <line num="310" type="stmt" count="0"/>
      <metrics loc="374" ncloc="368" classes="1" methods="55" coveredmethods="1" conditionals="0" coveredconditionals="0" statements="107" coveredstatements="5" elements="162" coveredelements="6"/>
    </file>
    <file name="C:\Users\ddefilippo\PhpstormProjects\Mallorca_Madting_Regression_Testing\vendor\facebook\webdriver/tests/functional/PageObjects/SignUpPage.php">
      <class name="SignUpPage" namespace="global">
        <metrics methods="11" coveredmethods="0" conditionals="0" coveredconditionals="0" statements="27" coveredstatements="0" elements="38" coveredelements="0"/>
      </class>
      <line num="15" type="method" name="setInstance" crap="6" count="0"/>
      <line num="17" type="stmt" count="0"/>
      <line num="18" type="stmt" count="0"/>
      <line num="19" type="stmt" count="0"/>
      <line num="20" type="stmt" count="0"/>
      <line num="21" type="stmt" count="0"/>
      <line num="26" type="method" name="setFirstName" crap="2" count="0"/>
      <line num="28" type="stmt" count="0"/>
      <line num="29" type="stmt" count="0"/>
      <line num="31" type="method" name="setLastName" crap="2" count="0"/>
      <line num="33" type="stmt" count="0"/>
      <line num="35" type="method" name="setGender" crap="2" count="0"/>
      <line num="37" type="stmt" count="0"/>
      <line num="39" type="method" name="setEnterUsername" crap="2" count="0"/>
      <line num="41" type="stmt" count="0"/>
      <line num="43" type="method" name="setEmailAddress" crap="2" count="0"/>
      <line num="45" type="stmt" count="0"/>
      <line num="47" type="method" name="setPassword" crap="2" count="0"/>
      <line num="49" type="stmt" count="0"/>
      <line num="51" type="method" name="setAcceptTermsandConditions" crap="2" count="0"/>
      <line num="53" type="stmt" count="0"/>
      <line num="54" type="stmt" count="0"/>
      <line num="56" type="method" name="ClickSignupButton" crap="2" count="0"/>
      <line num="58" type="stmt" count="0"/>
      <line num="60" type="method" name="setPasswordConfirmation" crap="2" count="0"/>
      <line num="62" type="stmt" count="0"/>
      <line num="63" type="stmt" count="0"/>
      <line num="64" type="stmt" count="0"/>
      <line num="66" type="method" name="VerifyUserCreated" crap="6" count="0"/>
      <line num="69" type="stmt" count="0"/>
      <line num="70" type="stmt" count="0"/>
      <line num="71" type="stmt" count="0"/>
      <line num="72" type="stmt" count="0"/>
      <line num="73" type="stmt" count="0"/>
      <line num="74" type="stmt" count="0"/>
      <line num="75" type="stmt" count="0"/>
      <line num="76" type="stmt" count="0"/>
      <line num="80" type="stmt" count="0"/>
      <metrics loc="98" ncloc="90" classes="1" methods="11" coveredmethods="0" conditionals="0" coveredconditionals="0" statements="27" coveredstatements="0" elements="38" coveredelements="0"/>
    </file>
    <file name="C:\Users\ddefilippo\PhpstormProjects\Mallorca_Madting_Regression_Testing\vendor\facebook\webdriver/tests/functional/Reporter/HtmlReport.php">
      <class name="HtmlReport" namespace="global">
        <metrics methods="12" coveredmethods="4" conditionals="0" coveredconditionals="0" statements="95" coveredstatements="11" elements="107" coveredelements="15"/>
      </class>
      <line num="21" type="method" name="CreateDetailedReport" crap="2" count="0"/>
      <line num="23" type="stmt" count="0"/>
      <line num="24" type="stmt" count="0"/>
      <line num="25" type="stmt" count="0"/>
      <line num="26" type="stmt" count="0"/>
      <line num="28" type="method" name="CreateHtmlSummaryReport" crap="110" count="0"/>
      <line num="33" type="stmt" count="0"/>
      <line num="34" type="stmt" count="0"/>
      <line num="35" type="stmt" count="0"/>
      <line num="36" type="stmt" count="0"/>
      <line num="38" type="stmt" count="0"/>
      <line num="40" type="stmt" count="0"/>
      <line num="41" type="stmt" count="0"/>
      <line num="64" type="stmt" count="0"/>
      <line num="65" type="stmt" count="0"/>
      <line num="66" type="stmt" count="0"/>
      <line num="67" type="stmt" count="0"/>
      <line num="68" type="stmt" count="0"/>
      <line num="69" type="stmt" count="0"/>
      <line num="70" type="stmt" count="0"/>
      <line num="71" type="stmt" count="0"/>
      <line num="72" type="stmt" count="0"/>
      <line num="73" type="stmt" count="0"/>
      <line num="74" type="stmt" count="0"/>
      <line num="76" type="stmt" count="0"/>
      <line num="77" type="stmt" count="0"/>
      <line num="78" type="stmt" count="0"/>
      <line num="80" type="stmt" count="0"/>
      <line num="82" type="stmt" count="0"/>
      <line num="83" type="stmt" count="0"/>
      <line num="84" type="stmt" count="0"/>
      <line num="85" type="stmt" count="0"/>
      <line num="86" type="stmt" count="0"/>
      <line num="87" type="stmt" count="0"/>
      <line num="88" type="stmt" count="0"/>
      <line num="89" type="stmt" count="0"/>
      <line num="90" type="stmt" count="0"/>
      <line num="92" type="stmt" count="0"/>
      <line num="93" type="stmt" count="0"/>
      <line num="94" type="stmt" count="0"/>
      <line num="95" type="stmt" count="0"/>
      <line num="96" type="stmt" count="0"/>
      <line num="98" type="stmt" count="0"/>
      <line num="99" type="stmt" count="0"/>
      <line num="100" type="stmt" count="0"/>
      <line num="101" type="stmt" count="0"/>
      <line num="102" type="stmt" count="0"/>
      <line num="103" type="stmt" count="0"/>
      <line num="104" type="stmt" count="0"/>
      <line num="105" type="stmt" count="0"/>
      <line num="106" type="stmt" count="0"/>
      <line num="109" type="stmt" count="0"/>
      <line num="111" type="stmt" count="0"/>
      <line num="116" type="stmt" count="0"/>
      <line num="117" type="stmt" count="0"/>
      <line num="118" type="stmt" count="0"/>
      <line num="119" type="stmt" count="0"/>
      <line num="124" type="stmt" count="0"/>
      <line num="125" type="stmt" count="0"/>
      <line num="126" type="stmt" count="0"/>
      <line num="127" type="stmt" count="0"/>
      <line num="128" type="stmt" count="0"/>
      <line num="129" type="stmt" count="0"/>
      <line num="130" type="stmt" count="0"/>
      <line num="132" type="stmt" count="0"/>
      <line num="134" type="stmt" count="0"/>
      <line num="136" type="stmt" count="0"/>
      <line num="139" type="method" name="osEnvironment" crap="2" count="0"/>
      <line num="141" type="stmt" count="0"/>
      <line num="144" type="method" name="HostName" crap="2" count="0"/>
      <line num="146" type="stmt" count="0"/>
      <line num="149" type="method" name="TrackRun" crap="2" count="0"/>
      <line num="151" type="stmt" count="0"/>
      <line num="152" type="stmt" count="0"/>
      <line num="154" type="method" name="TrackException" crap="1.12" count="1"/>
      <line num="156" type="stmt" count="1"/>
      <line num="157" type="stmt" count="1"/>
      <line num="159" type="stmt" count="0"/>
      <line num="160" type="stmt" count="0"/>
      <line num="162" type="method" name="SuccessReport" crap="1" count="1"/>
      <line num="164" type="stmt" count="1"/>
      <line num="165" type="stmt" count="1"/>
      <line num="167" type="method" name="onSuccess" crap="1" count="1"/>
      <line num="169" type="stmt" count="1"/>
      <line num="170" type="stmt" count="1"/>
      <line num="172" type="method" name="FailureReport" crap="2" count="0"/>
      <line num="174" type="stmt" count="0"/>
      <line num="175" type="stmt" count="0"/>
      <line num="176" type="stmt" count="0"/>
      <line num="177" type="stmt" count="0"/>
      <line num="179" type="stmt" count="0"/>
      <line num="180" type="stmt" count="0"/>
      <line num="182" type="method" name="WarnReport" crap="2" count="0"/>
      <line num="184" type="stmt" count="0"/>
      <line num="185" type="stmt" count="0"/>
      <line num="186" type="stmt" count="0"/>
      <line num="187" type="stmt" count="0"/>
      <line num="188" type="stmt" count="0"/>
      <line num="190" type="method" name="onFailure" crap="2" count="0"/>
      <line num="192" type="stmt" count="0"/>
      <line num="193" type="stmt" count="0"/>
      <line num="195" type="method" name="testHeader" crap="1" count="1"/>
      <line num="197" type="stmt" count="1"/>
      <line num="198" type="stmt" count="1"/>
      <line num="199" type="stmt" count="1"/>
      <line num="200" type="stmt" count="1"/>
      <line num="201" type="stmt" count="1"/>
      <metrics loc="214" ncloc="141" classes="1" methods="12" coveredmethods="3" conditionals="0" coveredconditionals="0" statements="95" coveredstatements="11" elements="107" coveredelements="14"/>
    </file>
    <file name="C:\Users\ddefilippo\PhpstormProjects\Mallorca_Madting_Regression_Testing\vendor\facebook\webdriver/tests/functional/VideoCapture/VideoMaker.php">
      <class name="VideoMaker" namespace="global">
        <metrics methods="2" coveredmethods="2" conditionals="0" coveredconditionals="0" statements="18" coveredstatements="6" elements="20" coveredelements="8"/>
      </class>
      <line num="18" type="method" name="StartVideoThreadForTest" crap="6.09" count="1"/>
      <line num="20" type="stmt" count="1"/>
      <line num="21" type="stmt" count="1"/>
      <line num="24" type="stmt" count="0"/>
      <line num="25" type="stmt" count="0"/>
      <line num="26" type="stmt" count="0"/>
      <line num="27" type="stmt" count="0"/>
      <line num="28" type="stmt" count="0"/>
      <line num="29" type="stmt" count="0"/>
      <line num="30" type="stmt" count="0"/>
      <line num="31" type="stmt" count="1"/>
      <line num="37" type="method" name="StopVideoThreadForTest" crap="5.20" count="1"/>
      <line num="39" type="stmt" count="1"/>
      <line num="40" type="stmt" count="1"/>
      <line num="41" type="stmt" count="0"/>
      <line num="42" type="stmt" count="0"/>
      <line num="43" type="stmt" count="0"/>
      <line num="44" type="stmt" count="0"/>
      <line num="45" type="stmt" count="0"/>
      <line num="46" type="stmt" count="1"/>
      <metrics loc="46" ncloc="27" classes="1" methods="2" coveredmethods="0" conditionals="0" coveredconditionals="0" statements="18" coveredstatements="6" elements="20" coveredelements="6"/>
    </file>
    <metrics files="65" loc="7815" ncloc="4490" classes="103" methods="509" coveredmethods="37" conditionals="0" coveredconditionals="0" statements="2256" coveredstatements="238" elements="2765" coveredelements="275"/>
  </project>
</coverage>
